{"/home/travis/build/npmtest/node-npmtest-iconv-lite/test.js":{"path":"/home/travis/build/npmtest/node-npmtest-iconv-lite/test.js","s":{"1":2,"2":2,"3":2,"4":2,"5":2,"6":2,"7":2,"8":1,"9":2,"10":2,"11":1,"12":1,"13":1,"14":1,"15":2,"16":2,"17":2,"18":2,"19":1,"20":1,"21":2,"22":2,"23":2,"24":1,"25":1,"26":1,"27":1,"28":1,"29":1,"30":1,"31":1,"32":1,"33":1,"34":1,"35":1,"36":2,"37":2,"38":1,"39":2,"40":2,"41":1,"42":2,"43":2,"44":1,"45":1,"46":1,"47":1,"48":1},"b":{"1":[2,1,1,1],"2":[1,1,1,1],"3":[1,1],"4":[1,1],"5":[1,1],"6":[1,1],"7":[1,1],"8":[1,1],"9":[1,1,1],"10":[1,1],"11":[1,1],"12":[1,1],"13":[1,1],"14":[1,1],"15":[1,1]},"f":{"1":2,"2":2,"3":2,"4":2,"5":2,"6":1,"7":1,"8":2,"9":2,"10":2,"11":1},"fnMap":{"1":{"name":"(anonymous_1)","line":12,"loc":{"start":{"line":12,"column":1},"end":{"line":12,"column":13}}},"2":{"name":"(anonymous_2)","line":19,"loc":{"start":{"line":19,"column":5},"end":{"line":19,"column":17}}},"3":{"name":"(anonymous_3)","line":23,"loc":{"start":{"line":23,"column":24},"end":{"line":23,"column":36}}},"4":{"name":"(anonymous_4)","line":61,"loc":{"start":{"line":61,"column":5},"end":{"line":61,"column":17}}},"5":{"name":"(anonymous_5)","line":82,"loc":{"start":{"line":82,"column":5},"end":{"line":82,"column":17}}},"6":{"name":"(anonymous_6)","line":102,"loc":{"start":{"line":102,"column":83},"end":{"line":105,"column":10}},"skip":true},"7":{"name":"(anonymous_7)","line":113,"loc":{"start":{"line":113,"column":77},"end":{"line":116,"column":10}},"skip":true},"8":{"name":"(anonymous_8)","line":127,"loc":{"start":{"line":127,"column":77},"end":{"line":130,"column":10}},"skip":true},"9":{"name":"(anonymous_9)","line":138,"loc":{"start":{"line":138,"column":83},"end":{"line":141,"column":10}},"skip":true},"10":{"name":"(anonymous_10)","line":149,"loc":{"start":{"line":149,"column":79},"end":{"line":152,"column":10}},"skip":true},"11":{"name":"(anonymous_11)","line":160,"loc":{"start":{"line":160,"column":75},"end":{"line":163,"column":10}},"skip":true}},"statementMap":{"1":{"start":{"line":12,"column":0},"end":{"line":175,"column":5}},"2":{"start":{"line":14,"column":4},"end":{"line":14,"column":14}},"3":{"start":{"line":19,"column":4},"end":{"line":56,"column":9}},"4":{"start":{"line":21,"column":8},"end":{"line":21,"column":19}},"5":{"start":{"line":23,"column":8},"end":{"line":35,"column":13}},"6":{"start":{"line":24,"column":12},"end":{"line":34,"column":13}},"7":{"start":{"line":25,"column":16},"end":{"line":28,"column":30}},"8":{"start":{"line":30,"column":16},"end":{"line":33,"column":27}},"9":{"start":{"line":37,"column":8},"end":{"line":39,"column":21}},"10":{"start":{"line":40,"column":8},"end":{"line":53,"column":9}},"11":{"start":{"line":43,"column":12},"end":{"line":46,"column":14}},"12":{"start":{"line":47,"column":12},"end":{"line":47,"column":18}},"13":{"start":{"line":50,"column":12},"end":{"line":51,"column":46}},"14":{"start":{"line":52,"column":12},"end":{"line":52,"column":18}},"15":{"start":{"line":55,"column":8},"end":{"line":55,"column":35}},"16":{"start":{"line":61,"column":4},"end":{"line":63,"column":9}},"17":{"start":{"line":62,"column":8},"end":{"line":62,"column":15}},"18":{"start":{"line":64,"column":4},"end":{"line":77,"column":5}},"19":{"start":{"line":70,"column":8},"end":{"line":70,"column":14}},"20":{"start":{"line":76,"column":8},"end":{"line":76,"column":14}},"21":{"start":{"line":82,"column":4},"end":{"line":84,"column":9}},"22":{"start":{"line":83,"column":8},"end":{"line":83,"column":15}},"23":{"start":{"line":85,"column":4},"end":{"line":174,"column":5}},"24":{"start":{"line":92,"column":8},"end":{"line":94,"column":63}},"25":{"start":{"line":95,"column":8},"end":{"line":95,"column":14}},"26":{"start":{"line":102,"column":8},"end":{"line":111,"column":10},"skip":true},"27":{"start":{"line":109,"column":12},"end":{"line":109,"column":55},"skip":true},"28":{"start":{"line":110,"column":12},"end":{"line":110,"column":48},"skip":true},"29":{"start":{"line":113,"column":8},"end":{"line":125,"column":10},"skip":true},"30":{"start":{"line":120,"column":12},"end":{"line":120,"column":76},"skip":true},"31":{"start":{"line":121,"column":12},"end":{"line":121,"column":73},"skip":true},"32":{"start":{"line":122,"column":12},"end":{"line":122,"column":74},"skip":true},"33":{"start":{"line":123,"column":12},"end":{"line":123,"column":25},"skip":true},"34":{"start":{"line":124,"column":12},"end":{"line":124,"column":45},"skip":true},"35":{"start":{"line":127,"column":8},"end":{"line":136,"column":10},"skip":true},"36":{"start":{"line":134,"column":12},"end":{"line":134,"column":25},"skip":true},"37":{"start":{"line":135,"column":12},"end":{"line":135,"column":45},"skip":true},"38":{"start":{"line":138,"column":8},"end":{"line":147,"column":10},"skip":true},"39":{"start":{"line":145,"column":12},"end":{"line":145,"column":25},"skip":true},"40":{"start":{"line":146,"column":12},"end":{"line":146,"column":48},"skip":true},"41":{"start":{"line":149,"column":8},"end":{"line":158,"column":10},"skip":true},"42":{"start":{"line":156,"column":12},"end":{"line":156,"column":25},"skip":true},"43":{"start":{"line":157,"column":12},"end":{"line":157,"column":46},"skip":true},"44":{"start":{"line":160,"column":8},"end":{"line":169,"column":10},"skip":true},"45":{"start":{"line":167,"column":12},"end":{"line":167,"column":94},"skip":true},"46":{"start":{"line":168,"column":12},"end":{"line":168,"column":48},"skip":true},"47":{"start":{"line":172,"column":8},"end":{"line":172,"column":35},"skip":true},"48":{"start":{"line":173,"column":8},"end":{"line":173,"column":14},"skip":true}},"branchMap":{"1":{"line":25,"type":"binary-expr","locations":[{"start":{"line":25,"column":23},"end":{"line":25,"column":62}},{"start":{"line":26,"column":20},"end":{"line":26,"column":70}},{"start":{"line":27,"column":20},"end":{"line":27,"column":71}},{"start":{"line":28,"column":20},"end":{"line":28,"column":29}}]},"2":{"line":30,"type":"binary-expr","locations":[{"start":{"line":30,"column":23},"end":{"line":30,"column":37}},{"start":{"line":31,"column":20},"end":{"line":31,"column":61}},{"start":{"line":32,"column":20},"end":{"line":32,"column":70}},{"start":{"line":33,"column":20},"end":{"line":33,"column":26}}]},"3":{"line":37,"type":"cond-expr","locations":[{"start":{"line":38,"column":14},"end":{"line":38,"column":20}},{"start":{"line":39,"column":14},"end":{"line":39,"column":20}}]},"4":{"line":40,"type":"switch","locations":[{"start":{"line":42,"column":8},"end":{"line":47,"column":18}},{"start":{"line":49,"column":8},"end":{"line":52,"column":18}}]},"5":{"line":44,"type":"binary-expr","locations":[{"start":{"line":44,"column":16},"end":{"line":44,"column":44}},{"start":{"line":44,"column":48},"end":{"line":44,"column":66}}]},"6":{"line":50,"type":"binary-expr","locations":[{"start":{"line":50,"column":21},"end":{"line":50,"column":49}},{"start":{"line":50,"column":53},"end":{"line":50,"column":72}}]},"7":{"line":64,"type":"switch","locations":[{"start":{"line":69,"column":4},"end":{"line":70,"column":14}},{"start":{"line":75,"column":4},"end":{"line":76,"column":14}}]},"8":{"line":85,"type":"switch","locations":[{"start":{"line":90,"column":4},"end":{"line":95,"column":14}},{"start":{"line":101,"column":4},"end":{"line":173,"column":14},"skip":true}]},"9":{"line":92,"type":"binary-expr","locations":[{"start":{"line":92,"column":18},"end":{"line":92,"column":32}},{"start":{"line":93,"column":12},"end":{"line":93,"column":53}},{"start":{"line":94,"column":12},"end":{"line":94,"column":61}}]},"10":{"line":102,"type":"binary-expr","locations":[{"start":{"line":102,"column":45},"end":{"line":102,"column":79},"skip":true},{"start":{"line":102,"column":83},"end":{"line":111,"column":9},"skip":true}]},"11":{"line":113,"type":"binary-expr","locations":[{"start":{"line":113,"column":42},"end":{"line":113,"column":73},"skip":true},{"start":{"line":113,"column":77},"end":{"line":125,"column":9},"skip":true}]},"12":{"line":127,"type":"binary-expr","locations":[{"start":{"line":127,"column":42},"end":{"line":127,"column":73},"skip":true},{"start":{"line":127,"column":77},"end":{"line":136,"column":9},"skip":true}]},"13":{"line":138,"type":"binary-expr","locations":[{"start":{"line":138,"column":45},"end":{"line":138,"column":79},"skip":true},{"start":{"line":138,"column":83},"end":{"line":147,"column":9},"skip":true}]},"14":{"line":149,"type":"binary-expr","locations":[{"start":{"line":149,"column":43},"end":{"line":149,"column":75},"skip":true},{"start":{"line":149,"column":79},"end":{"line":158,"column":9},"skip":true}]},"15":{"line":160,"type":"binary-expr","locations":[{"start":{"line":160,"column":41},"end":{"line":160,"column":71},"skip":true},{"start":{"line":160,"column":75},"end":{"line":169,"column":9},"skip":true}]}},"code":["/* istanbul instrument in package npmtest_iconv_lite */","/*jslint","    bitwise: true,","    browser: true,","    maxerr: 8,","    maxlen: 96,","    node: true,","    nomen: true,","    regexp: true,","    stupid: true","*/","(function () {","    'use strict';","    var local;","","","","    // run shared js-env code - pre-init","    (function () {","        // init local","        local = {};","        // init modeJs","        local.modeJs = (function () {","            try {","                return typeof navigator.userAgent === 'string' &&","                    typeof document.querySelector('body') === 'object' &&","                    typeof XMLHttpRequest.prototype.open === 'function' &&","                    'browser';","            } catch (errorCaughtBrowser) {","                return module.exports &&","                    typeof process.versions.node === 'string' &&","                    typeof require('http').createServer === 'function' &&","                    'node';","            }","        }());","        // init global","        local.global = local.modeJs === 'browser'","            ? window","            : global;","        switch (local.modeJs) {","        // re-init local from window.local","        case 'browser':","            local = local.global.utility2.objectSetDefault(","                local.global.utility2_rollup || local.global.local,","                local.global.utility2","            );","            break;","        // re-init local from example.js","        case 'node':","            local = (local.global.utility2_rollup || require('utility2'))","                .requireExampleJsFromReadme();","            break;","        }","        // export local","        local.global.local = local;","    }());","","","","    // run shared js-env code - function","    (function () {","        return;","    }());","    switch (local.modeJs) {","","","","    // run browser js-env code - function","    case 'browser':","        break;","","","","    // run node js-env code - function","    case 'node':","        break;","    }","","","","    // run shared js-env code - post-init","    (function () {","        return;","    }());","    switch (local.modeJs) {","","","","    // run browser js-env code - post-init","    case 'browser':","        // run tests","        local.nop(local.modeTest &&","            document.querySelector('#testRunButton1') &&","            document.querySelector('#testRunButton1').click());","        break;","","","","    // run node js-env code - post-init","    /* istanbul ignore next */","    case 'node':","        local.testCase_buildApidoc_default = local.testCase_buildApidoc_default || function (","            options,","            onError","        ) {","        /*","         * this function will test buildApidoc's default handling-behavior-behavior","         */","            options = { modulePathList: module.paths };","            local.buildApidoc(options, onError);","        };","","        local.testCase_buildApp_default = local.testCase_buildApp_default || function (","            options,","            onError","        ) {","        /*","         * this function will test buildApp's default handling-behavior-behavior","         */","            local.testCase_buildReadme_default(options, local.onErrorThrow);","            local.testCase_buildLib_default(options, local.onErrorThrow);","            local.testCase_buildTest_default(options, local.onErrorThrow);","            options = [];","            local.buildApp(options, onError);","        };","","        local.testCase_buildLib_default = local.testCase_buildLib_default || function (","            options,","            onError","        ) {","        /*","         * this function will test buildLib's default handling-behavior","         */","            options = {};","            local.buildLib(options, onError);","        };","","        local.testCase_buildReadme_default = local.testCase_buildReadme_default || function (","            options,","            onError","        ) {","        /*","         * this function will test buildReadme's default handling-behavior-behavior","         */","            options = {};","            local.buildReadme(options, onError);","        };","","        local.testCase_buildTest_default = local.testCase_buildTest_default || function (","            options,","            onError","        ) {","        /*","         * this function will test buildTest's default handling-behavior","         */","            options = {};","            local.buildTest(options, onError);","        };","","        local.testCase_webpage_default = local.testCase_webpage_default || function (","            options,","            onError","        ) {","        /*","         * this function will test webpage's default handling-behavior","         */","            options = { modeCoverageMerge: true, url: local.serverLocalHost + '?modeTest=1' };","            local.browserTest(options, onError);","        };","","        // run test-server","        local.testRunServer(local);","        break;","    }","}());",""],"l":{"12":2,"14":2,"19":2,"21":2,"23":2,"24":2,"25":2,"30":1,"37":2,"40":2,"43":1,"47":1,"50":1,"52":1,"55":2,"61":2,"62":2,"64":2,"70":1,"76":1,"82":2,"83":2,"85":2,"92":1,"95":1,"102":1,"109":1,"110":1,"113":1,"120":1,"121":1,"122":1,"123":1,"124":1,"127":1,"134":2,"135":2,"138":1,"145":2,"146":2,"149":1,"156":2,"157":2,"160":1,"167":1,"168":1,"172":1,"173":1}},"/home/travis/build/npmtest/node-npmtest-iconv-lite/lib.npmtest_iconv_lite.js":{"path":"/home/travis/build/npmtest/node-npmtest-iconv-lite/lib.npmtest_iconv_lite.js","s":{"1":2,"2":2,"3":2,"4":2,"5":2,"6":2,"7":2,"8":1,"9":2,"10":2,"11":2,"12":2,"13":1,"14":1,"15":1,"16":1},"b":{"1":[2,1,1,1],"2":[1,1,1,1],"3":[1,1],"4":[2,2],"5":[1,1]},"f":{"1":2,"2":2,"3":2},"fnMap":{"1":{"name":"(anonymous_1)","line":12,"loc":{"start":{"line":12,"column":1},"end":{"line":12,"column":13}}},"2":{"name":"(anonymous_2)","line":19,"loc":{"start":{"line":19,"column":5},"end":{"line":19,"column":17}}},"3":{"name":"(anonymous_3)","line":23,"loc":{"start":{"line":23,"column":24},"end":{"line":23,"column":36}}}},"statementMap":{"1":{"start":{"line":12,"column":0},"end":{"line":53,"column":5}},"2":{"start":{"line":14,"column":4},"end":{"line":14,"column":14}},"3":{"start":{"line":19,"column":4},"end":{"line":52,"column":9}},"4":{"start":{"line":21,"column":8},"end":{"line":21,"column":19}},"5":{"start":{"line":23,"column":8},"end":{"line":35,"column":13}},"6":{"start":{"line":24,"column":12},"end":{"line":34,"column":13}},"7":{"start":{"line":25,"column":16},"end":{"line":28,"column":30}},"8":{"start":{"line":30,"column":16},"end":{"line":33,"column":27}},"9":{"start":{"line":37,"column":8},"end":{"line":39,"column":21}},"10":{"start":{"line":41,"column":8},"end":{"line":41,"column":54}},"11":{"start":{"line":43,"column":8},"end":{"line":43,"column":55}},"12":{"start":{"line":45,"column":8},"end":{"line":51,"column":9}},"13":{"start":{"line":46,"column":12},"end":{"line":46,"column":61}},"14":{"start":{"line":48,"column":12},"end":{"line":48,"column":35}},"15":{"start":{"line":49,"column":12},"end":{"line":49,"column":49}},"16":{"start":{"line":50,"column":12},"end":{"line":50,"column":43}}},"branchMap":{"1":{"line":25,"type":"binary-expr","locations":[{"start":{"line":25,"column":23},"end":{"line":25,"column":62}},{"start":{"line":26,"column":20},"end":{"line":26,"column":70}},{"start":{"line":27,"column":20},"end":{"line":27,"column":71}},{"start":{"line":28,"column":20},"end":{"line":28,"column":29}}]},"2":{"line":30,"type":"binary-expr","locations":[{"start":{"line":30,"column":23},"end":{"line":30,"column":37}},{"start":{"line":31,"column":20},"end":{"line":31,"column":61}},{"start":{"line":32,"column":20},"end":{"line":32,"column":70}},{"start":{"line":33,"column":20},"end":{"line":33,"column":26}}]},"3":{"line":37,"type":"cond-expr","locations":[{"start":{"line":38,"column":14},"end":{"line":38,"column":20}},{"start":{"line":39,"column":14},"end":{"line":39,"column":20}}]},"4":{"line":41,"type":"binary-expr","locations":[{"start":{"line":41,"column":16},"end":{"line":41,"column":44}},{"start":{"line":41,"column":48},"end":{"line":41,"column":53}}]},"5":{"line":45,"type":"if","locations":[{"start":{"line":45,"column":8},"end":{"line":45,"column":8}},{"start":{"line":45,"column":8},"end":{"line":45,"column":8}}]}},"code":["/* istanbul instrument in package npmtest_iconv_lite */","/*jslint","    bitwise: true,","    browser: true,","    maxerr: 8,","    maxlen: 96,","    node: true,","    nomen: true,","    regexp: true,","    stupid: true","*/","(function () {","    'use strict';","    var local;","","","","    // run shared js-env code - pre-init","    (function () {","        // init local","        local = {};","        // init modeJs","        local.modeJs = (function () {","            try {","                return typeof navigator.userAgent === 'string' &&","                    typeof document.querySelector('body') === 'object' &&","                    typeof XMLHttpRequest.prototype.open === 'function' &&","                    'browser';","            } catch (errorCaughtBrowser) {","                return module.exports &&","                    typeof process.versions.node === 'string' &&","                    typeof require('http').createServer === 'function' &&","                    'node';","            }","        }());","        // init global","        local.global = local.modeJs === 'browser'","            ? window","            : global;","        // init utility2_rollup","        local = local.global.utility2_rollup || local;","        // init lib","        local.local = local.npmtest_iconv_lite = local;","        // init exports","        if (local.modeJs === 'browser') {","            local.global.utility2_npmtest_iconv_lite = local;","        } else {","            module.exports = local;","            module.exports.__dirname = __dirname;","            module.exports.module = module;","        }","    }());","}());",""],"l":{"12":2,"14":2,"19":2,"21":2,"23":2,"24":2,"25":2,"30":1,"37":2,"41":2,"43":2,"45":2,"46":1,"48":1,"49":1,"50":1}},"/home/travis/build/npmtest/node-npmtest-iconv-lite/example.js":{"path":"/home/travis/build/npmtest/node-npmtest-iconv-lite/example.js","s":{"1":2,"2":2,"3":2,"4":2,"5":2,"6":2,"7":2,"8":1,"9":2,"10":2,"11":2,"12":2,"13":1,"14":2,"15":2,"16":2,"17":2,"18":2,"19":0,"20":2,"21":1,"22":1,"23":1,"24":1,"25":1,"26":0,"27":0,"28":1,"29":1,"30":2,"31":0,"32":0,"33":0,"34":1,"35":2,"36":2,"37":2,"38":2,"39":2,"40":2,"41":0,"42":2,"43":2,"44":2,"45":1,"46":3,"47":1,"48":1,"49":1,"50":1,"51":1,"52":1,"53":1,"54":1,"55":1,"56":1,"57":0,"58":1,"59":6,"60":6,"61":1,"62":2,"63":0,"64":2,"65":1,"66":1,"67":0,"68":0,"69":0,"70":0,"71":0,"72":0,"73":0,"74":0,"75":0,"76":0,"77":0,"78":0,"79":0,"80":0,"81":0,"82":0,"83":0},"b":{"1":[2,1,1,1],"2":[1,1,1,1],"3":[1,1],"4":[2,2],"5":[1,1],"6":[1,1],"7":[2,0],"8":[2,1,1,1,1,1],"9":[0,2,0],"10":[1,1],"11":[2,1,1],"12":[1,0],"13":[0,2],"14":[2,0,0,0,0,0,0],"15":[0,2],"16":[2,0],"17":[1,1],"18":[0,1],"19":[1,2,0,2],"20":[1,0],"21":[1,1],"22":[0,0],"23":[0,0],"24":[0,0],"25":[0,0],"26":[0,0],"27":[0,0],"28":[0,0]},"f":{"1":2,"2":2,"3":2,"4":2,"5":2,"6":2,"7":2,"8":2,"9":3,"10":1,"11":6,"12":0},"fnMap":{"1":{"name":"(anonymous_1)","line":26,"loc":{"start":{"line":26,"column":1},"end":{"line":26,"column":13}}},"2":{"name":"(anonymous_2)","line":33,"loc":{"start":{"line":33,"column":5},"end":{"line":33,"column":17}}},"3":{"name":"(anonymous_3)","line":37,"loc":{"start":{"line":37,"column":24},"end":{"line":37,"column":36}}},"4":{"name":"(anonymous_4)","line":69,"loc":{"start":{"line":69,"column":31},"end":{"line":69,"column":48}},"skip":true},"5":{"name":"(anonymous_5)","line":78,"loc":{"start":{"line":78,"column":26},"end":{"line":78,"column":45}},"skip":true},"6":{"name":"(anonymous_6)","line":123,"loc":{"start":{"line":123,"column":33},"end":{"line":123,"column":48}},"skip":true},"7":{"name":"(anonymous_7)","line":125,"loc":{"start":{"line":125,"column":27},"end":{"line":125,"column":39}},"skip":true},"8":{"name":"(anonymous_8)","line":133,"loc":{"start":{"line":133,"column":59},"end":{"line":133,"column":74}},"skip":true},"9":{"name":"(anonymous_9)","line":143,"loc":{"start":{"line":143,"column":45},"end":{"line":143,"column":62}},"skip":true},"10":{"name":"(anonymous_10)","line":144,"loc":{"start":{"line":144,"column":73},"end":{"line":144,"column":92}},"skip":true},"11":{"name":"(anonymous_11)","line":272,"loc":{"start":{"line":272,"column":51},"end":{"line":272,"column":77}},"skip":true},"12":{"name":"(anonymous_12)","line":314,"loc":{"start":{"line":314,"column":32},"end":{"line":314,"column":61}},"skip":true}},"statementMap":{"1":{"start":{"line":26,"column":0},"end":{"line":325,"column":5}},"2":{"start":{"line":28,"column":4},"end":{"line":28,"column":14}},"3":{"start":{"line":33,"column":4},"end":{"line":60,"column":9}},"4":{"start":{"line":35,"column":8},"end":{"line":35,"column":19}},"5":{"start":{"line":37,"column":8},"end":{"line":49,"column":13}},"6":{"start":{"line":38,"column":12},"end":{"line":48,"column":13}},"7":{"start":{"line":39,"column":16},"end":{"line":42,"column":30}},"8":{"start":{"line":44,"column":16},"end":{"line":47,"column":27}},"9":{"start":{"line":51,"column":8},"end":{"line":53,"column":21}},"10":{"start":{"line":55,"column":8},"end":{"line":57,"column":45}},"11":{"start":{"line":59,"column":8},"end":{"line":59,"column":35}},"12":{"start":{"line":61,"column":4},"end":{"line":324,"column":5}},"13":{"start":{"line":69,"column":8},"end":{"line":121,"column":10},"skip":true},"14":{"start":{"line":70,"column":12},"end":{"line":88,"column":13},"skip":true},"15":{"start":{"line":76,"column":16},"end":{"line":87,"column":19},"skip":true},"16":{"start":{"line":79,"column":20},"end":{"line":86,"column":21},"skip":true},"17":{"start":{"line":82,"column":24},"end":{"line":82,"column":43},"skip":true},"18":{"start":{"line":83,"column":24},"end":{"line":83,"column":30},"skip":true},"19":{"start":{"line":85,"column":24},"end":{"line":85,"column":49},"skip":true},"20":{"start":{"line":89,"column":12},"end":{"line":107,"column":13},"skip":true},"21":{"start":{"line":92,"column":16},"end":{"line":102,"column":17},"skip":true},"22":{"start":{"line":93,"column":20},"end":{"line":93,"column":86},"skip":true},"23":{"start":{"line":94,"column":20},"end":{"line":95,"column":45},"skip":true},"24":{"start":{"line":96,"column":20},"end":{"line":96,"column":42},"skip":true},"25":{"start":{"line":97,"column":20},"end":{"line":97,"column":48},"skip":true},"26":{"start":{"line":100,"column":20},"end":{"line":100,"column":85},"skip":true},"27":{"start":{"line":101,"column":20},"end":{"line":101,"column":96},"skip":true},"28":{"start":{"line":103,"column":16},"end":{"line":103,"column":22},"skip":true},"29":{"start":{"line":106,"column":16},"end":{"line":106,"column":22},"skip":true},"30":{"start":{"line":108,"column":12},"end":{"line":120,"column":13},"skip":true},"31":{"start":{"line":114,"column":16},"end":{"line":119,"column":17},"skip":true},"32":{"start":{"line":116,"column":20},"end":{"line":116,"column":78},"skip":true},"33":{"start":{"line":118,"column":20},"end":{"line":118,"column":53},"skip":true},"34":{"start":{"line":123,"column":8},"end":{"line":141,"column":11},"skip":true},"35":{"start":{"line":124,"column":12},"end":{"line":124,"column":54},"skip":true},"36":{"start":{"line":125,"column":12},"end":{"line":140,"column":14},"skip":true},"37":{"start":{"line":126,"column":16},"end":{"line":126,"column":28},"skip":true},"38":{"start":{"line":127,"column":16},"end":{"line":127,"column":69},"skip":true},"39":{"start":{"line":128,"column":16},"end":{"line":128,"column":75},"skip":true},"40":{"start":{"line":129,"column":16},"end":{"line":131,"column":17},"skip":true},"41":{"start":{"line":130,"column":20},"end":{"line":130,"column":27},"skip":true},"42":{"start":{"line":133,"column":16},"end":{"line":137,"column":36},"skip":true},"43":{"start":{"line":134,"column":20},"end":{"line":136,"column":55},"skip":true},"44":{"start":{"line":139,"column":16},"end":{"line":139,"column":57},"skip":true},"45":{"start":{"line":143,"column":8},"end":{"line":147,"column":11},"skip":true},"46":{"start":{"line":144,"column":12},"end":{"line":146,"column":15},"skip":true},"47":{"start":{"line":145,"column":16},"end":{"line":145,"column":70},"skip":true},"48":{"start":{"line":149,"column":8},"end":{"line":149,"column":31},"skip":true},"49":{"start":{"line":150,"column":8},"end":{"line":150,"column":14},"skip":true},"50":{"start":{"line":158,"column":8},"end":{"line":158,"column":31},"skip":true},"51":{"start":{"line":160,"column":8},"end":{"line":160,"column":33},"skip":true},"52":{"start":{"line":161,"column":8},"end":{"line":161,"column":37},"skip":true},"53":{"start":{"line":162,"column":8},"end":{"line":162,"column":35},"skip":true},"54":{"start":{"line":164,"column":8},"end":{"line":164,"column":50},"skip":true},"55":{"start":{"line":166,"column":8},"end":{"line":256,"column":2},"skip":true},"56":{"start":{"line":258,"column":8},"end":{"line":286,"column":9},"skip":true},"57":{"start":{"line":259,"column":12},"end":{"line":269,"column":14},"skip":true},"58":{"start":{"line":271,"column":12},"end":{"line":285,"column":19},"skip":true},"59":{"start":{"line":274,"column":20},"end":{"line":274,"column":35},"skip":true},"60":{"start":{"line":275,"column":20},"end":{"line":284,"column":21},"skip":true},"61":{"start":{"line":277,"column":24},"end":{"line":277,"column":64},"skip":true},"62":{"start":{"line":279,"column":24},"end":{"line":279,"column":40},"skip":true},"63":{"start":{"line":281,"column":24},"end":{"line":281,"column":40},"skip":true},"64":{"start":{"line":283,"column":24},"end":{"line":283,"column":39},"skip":true},"65":{"start":{"line":288,"column":8},"end":{"line":290,"column":9},"skip":true},"66":{"start":{"line":289,"column":12},"end":{"line":289,"column":18},"skip":true},"67":{"start":{"line":291,"column":8},"end":{"line":293,"column":54},"skip":true},"68":{"start":{"line":294,"column":8},"end":{"line":301,"column":37},"skip":true},"69":{"start":{"line":302,"column":8},"end":{"line":302,"column":82},"skip":true},"70":{"start":{"line":305,"column":8},"end":{"line":307,"column":9},"skip":true},"71":{"start":{"line":306,"column":12},"end":{"line":306,"column":82},"skip":true},"72":{"start":{"line":309,"column":8},"end":{"line":311,"column":9},"skip":true},"73":{"start":{"line":310,"column":12},"end":{"line":310,"column":18},"skip":true},"74":{"start":{"line":312,"column":8},"end":{"line":312,"column":54},"skip":true},"75":{"start":{"line":313,"column":8},"end":{"line":313,"column":69},"skip":true},"76":{"start":{"line":314,"column":8},"end":{"line":322,"column":36},"skip":true},"77":{"start":{"line":315,"column":12},"end":{"line":315,"column":61},"skip":true},"78":{"start":{"line":316,"column":12},"end":{"line":319,"column":13},"skip":true},"79":{"start":{"line":317,"column":16},"end":{"line":317,"column":75},"skip":true},"80":{"start":{"line":318,"column":16},"end":{"line":318,"column":23},"skip":true},"81":{"start":{"line":320,"column":12},"end":{"line":320,"column":38},"skip":true},"82":{"start":{"line":321,"column":12},"end":{"line":321,"column":27},"skip":true},"83":{"start":{"line":323,"column":8},"end":{"line":323,"column":14},"skip":true}},"branchMap":{"1":{"line":39,"type":"binary-expr","locations":[{"start":{"line":39,"column":23},"end":{"line":39,"column":62}},{"start":{"line":40,"column":20},"end":{"line":40,"column":70}},{"start":{"line":41,"column":20},"end":{"line":41,"column":71}},{"start":{"line":42,"column":20},"end":{"line":42,"column":29}}]},"2":{"line":44,"type":"binary-expr","locations":[{"start":{"line":44,"column":23},"end":{"line":44,"column":37}},{"start":{"line":45,"column":20},"end":{"line":45,"column":61}},{"start":{"line":46,"column":20},"end":{"line":46,"column":70}},{"start":{"line":47,"column":20},"end":{"line":47,"column":26}}]},"3":{"line":51,"type":"cond-expr","locations":[{"start":{"line":52,"column":14},"end":{"line":52,"column":20}},{"start":{"line":53,"column":14},"end":{"line":53,"column":20}}]},"4":{"line":55,"type":"binary-expr","locations":[{"start":{"line":55,"column":16},"end":{"line":55,"column":44}},{"start":{"line":55,"column":49},"end":{"line":57,"column":43}}]},"5":{"line":55,"type":"cond-expr","locations":[{"start":{"line":56,"column":14},"end":{"line":56,"column":54}},{"start":{"line":57,"column":14},"end":{"line":57,"column":43}}]},"6":{"line":61,"type":"switch","locations":[{"start":{"line":68,"column":4},"end":{"line":150,"column":14},"skip":true},{"start":{"line":156,"column":4},"end":{"line":323,"column":14},"skip":true}]},"7":{"line":70,"type":"if","locations":[{"start":{"line":70,"column":12},"end":{"line":70,"column":12},"skip":true},{"start":{"line":70,"column":12},"end":{"line":70,"column":12},"skip":true}]},"8":{"line":70,"type":"binary-expr","locations":[{"start":{"line":70,"column":16},"end":{"line":70,"column":22},"skip":true},{"start":{"line":70,"column":27},"end":{"line":70,"column":32},"skip":true},{"start":{"line":71,"column":20},"end":{"line":71,"column":39},"skip":true},{"start":{"line":72,"column":20},"end":{"line":72,"column":49},"skip":true},{"start":{"line":73,"column":20},"end":{"line":73,"column":58},"skip":true},{"start":{"line":74,"column":20},"end":{"line":74,"column":69},"skip":true}]},"9":{"line":79,"type":"switch","locations":[{"start":{"line":80,"column":20},"end":{"line":80,"column":33},"skip":true},{"start":{"line":81,"column":20},"end":{"line":83,"column":30},"skip":true},{"start":{"line":84,"column":20},"end":{"line":85,"column":49},"skip":true}]},"10":{"line":89,"type":"switch","locations":[{"start":{"line":90,"column":12},"end":{"line":103,"column":22},"skip":true},{"start":{"line":105,"column":12},"end":{"line":106,"column":22},"skip":true}]},"11":{"line":89,"type":"binary-expr","locations":[{"start":{"line":89,"column":20},"end":{"line":89,"column":25},"skip":true},{"start":{"line":89,"column":29},"end":{"line":89,"column":48},"skip":true},{"start":{"line":89,"column":52},"end":{"line":89,"column":74},"skip":true}]},"12":{"line":92,"type":"if","locations":[{"start":{"line":92,"column":16},"end":{"line":92,"column":16},"skip":true},{"start":{"line":92,"column":16},"end":{"line":92,"column":16},"skip":true}]},"13":{"line":108,"type":"if","locations":[{"start":{"line":108,"column":12},"end":{"line":108,"column":12},"skip":true},{"start":{"line":108,"column":12},"end":{"line":108,"column":12},"skip":true}]},"14":{"line":108,"type":"binary-expr","locations":[{"start":{"line":108,"column":16},"end":{"line":108,"column":61},"skip":true},{"start":{"line":108,"column":66},"end":{"line":108,"column":72},"skip":true},{"start":{"line":108,"column":77},"end":{"line":108,"column":82},"skip":true},{"start":{"line":109,"column":20},"end":{"line":109,"column":39},"skip":true},{"start":{"line":110,"column":20},"end":{"line":110,"column":49},"skip":true},{"start":{"line":111,"column":20},"end":{"line":111,"column":58},"skip":true},{"start":{"line":112,"column":20},"end":{"line":112,"column":68},"skip":true}]},"15":{"line":129,"type":"if","locations":[{"start":{"line":129,"column":16},"end":{"line":129,"column":16},"skip":true},{"start":{"line":129,"column":16},"end":{"line":129,"column":16},"skip":true}]},"16":{"line":134,"type":"cond-expr","locations":[{"start":{"line":135,"column":26},"end":{"line":135,"column":29},"skip":true},{"start":{"line":136,"column":26},"end":{"line":136,"column":54},"skip":true}]},"17":{"line":164,"type":"binary-expr","locations":[{"start":{"line":164,"column":27},"end":{"line":164,"column":43},"skip":true},{"start":{"line":164,"column":47},"end":{"line":164,"column":49},"skip":true}]},"18":{"line":258,"type":"if","locations":[{"start":{"line":258,"column":8},"end":{"line":258,"column":8},"skip":true},{"start":{"line":258,"column":8},"end":{"line":258,"column":8},"skip":true}]},"19":{"line":275,"type":"switch","locations":[{"start":{"line":276,"column":20},"end":{"line":277,"column":64},"skip":true},{"start":{"line":278,"column":20},"end":{"line":279,"column":40},"skip":true},{"start":{"line":280,"column":20},"end":{"line":281,"column":40},"skip":true},{"start":{"line":282,"column":20},"end":{"line":283,"column":39},"skip":true}]},"20":{"line":288,"type":"if","locations":[{"start":{"line":288,"column":8},"end":{"line":288,"column":8},"skip":true},{"start":{"line":288,"column":8},"end":{"line":288,"column":8},"skip":true}]},"21":{"line":288,"type":"binary-expr","locations":[{"start":{"line":288,"column":12},"end":{"line":288,"column":40},"skip":true},{"start":{"line":288,"column":44},"end":{"line":288,"column":67},"skip":true}]},"22":{"line":292,"type":"binary-expr","locations":[{"start":{"line":292,"column":12},"end":{"line":292,"column":50},"skip":true},{"start":{"line":293,"column":12},"end":{"line":293,"column":53},"skip":true}]},"23":{"line":295,"type":"binary-expr","locations":[{"start":{"line":295,"column":12},"end":{"line":295,"column":68},"skip":true},{"start":{"line":296,"column":12},"end":{"line":301,"column":36},"skip":true}]},"24":{"line":302,"type":"binary-expr","locations":[{"start":{"line":302,"column":43},"end":{"line":302,"column":75},"skip":true},{"start":{"line":302,"column":79},"end":{"line":302,"column":81},"skip":true}]},"25":{"line":305,"type":"if","locations":[{"start":{"line":305,"column":8},"end":{"line":305,"column":8},"skip":true},{"start":{"line":305,"column":8},"end":{"line":305,"column":8},"skip":true}]},"26":{"line":309,"type":"if","locations":[{"start":{"line":309,"column":8},"end":{"line":309,"column":8},"skip":true},{"start":{"line":309,"column":8},"end":{"line":309,"column":8},"skip":true}]},"27":{"line":312,"type":"binary-expr","locations":[{"start":{"line":312,"column":27},"end":{"line":312,"column":43},"skip":true},{"start":{"line":312,"column":47},"end":{"line":312,"column":53},"skip":true}]},"28":{"line":316,"type":"if","locations":[{"start":{"line":316,"column":12},"end":{"line":316,"column":12},"skip":true},{"start":{"line":316,"column":12},"end":{"line":316,"column":12},"skip":true}]}},"code":["/*","example.js","","quickstart example","","instruction","    1. save this script as example.js","    2. run the shell command:","        $ npm install npmtest-iconv-lite && PORT=8081 node example.js","    3. play with the browser-demo on http://127.0.0.1:8081","*/","","","","/* istanbul instrument in package npmtest_iconv_lite */","/*jslint","    bitwise: true,","    browser: true,","    maxerr: 8,","    maxlen: 96,","    node: true,","    nomen: true,","    regexp: true,","    stupid: true","*/","(function () {","    'use strict';","    var local;","","","","    // run shared js-env code - pre-init","    (function () {","        // init local","        local = {};","        // init modeJs","        local.modeJs = (function () {","            try {","                return typeof navigator.userAgent === 'string' &&","                    typeof document.querySelector('body') === 'object' &&","                    typeof XMLHttpRequest.prototype.open === 'function' &&","                    'browser';","            } catch (errorCaughtBrowser) {","                return module.exports &&","                    typeof process.versions.node === 'string' &&","                    typeof require('http').createServer === 'function' &&","                    'node';","            }","        }());","        // init global","        local.global = local.modeJs === 'browser'","            ? window","            : global;","        // init utility2_rollup","        local = local.global.utility2_rollup || (local.modeJs === 'browser'","            ? local.global.utility2_npmtest_iconv_lite","            : global.utility2_moduleExports);","        // export local","        local.global.local = local;","    }());","    switch (local.modeJs) {","","","","    // post-init","    // run browser js-env code - post-init","    /* istanbul ignore next */","    case 'browser':","        local.testRunBrowser = function (event) {","            if (!event || (event &&","                    event.currentTarget &&","                    event.currentTarget.className &&","                    event.currentTarget.className.includes &&","                    event.currentTarget.className.includes('onreset'))) {","                // reset output","                Array.from(","                    document.querySelectorAll('body > .resettable')","                ).forEach(function (element) {","                    switch (element.tagName) {","                    case 'INPUT':","                    case 'TEXTAREA':","                        element.value = '';","                        break;","                    default:","                        element.textContent = '';","                    }","                });","            }","            switch (event && event.currentTarget && event.currentTarget.id) {","            case 'testRunButton1':","                // show tests","                if (document.querySelector('#testReportDiv1').style.display === 'none') {","                    document.querySelector('#testReportDiv1').style.display = 'block';","                    document.querySelector('#testRunButton1').textContent =","                        'hide internal test';","                    local.modeTest = true;","                    local.testRunDefault(local);","                // hide tests","                } else {","                    document.querySelector('#testReportDiv1').style.display = 'none';","                    document.querySelector('#testRunButton1').textContent = 'run internal test';","                }","                break;","            // custom-case","            default:","                break;","            }","            if (document.querySelector('#inputTextareaEval1') && (!event || (event &&","                    event.currentTarget &&","                    event.currentTarget.className &&","                    event.currentTarget.className.includes &&","                    event.currentTarget.className.includes('oneval')))) {","                // try to eval input-code","                try {","                    /*jslint evil: true*/","                    eval(document.querySelector('#inputTextareaEval1').value);","                } catch (errorCaught) {","                    console.error(errorCaught.stack);","                }","            }","        };","        // log stderr and stdout to #outputTextareaStdout1","        ['error', 'log'].forEach(function (key) {","            console[key + '_original'] = console[key];","            console[key] = function () {","                var element;","                console[key + '_original'].apply(console, arguments);","                element = document.querySelector('#outputTextareaStdout1');","                if (!element) {","                    return;","                }","                // append text to #outputTextareaStdout1","                element.value += Array.from(arguments).map(function (arg) {","                    return typeof arg === 'string'","                        ? arg","                        : JSON.stringify(arg, null, 4);","                }).join(' ') + '\\n';","                // scroll textarea to bottom","                element.scrollTop = element.scrollHeight;","            };","        });","        // init event-handling","        ['change', 'click', 'keyup'].forEach(function (event) {","            Array.from(document.querySelectorAll('.on' + event)).forEach(function (element) {","                element.addEventListener(event, local.testRunBrowser);","            });","        });","        // run tests","        local.testRunBrowser();","        break;","","","","    // run node js-env code - post-init","    /* istanbul ignore next */","    case 'node':","        // export local","        module.exports = local;","        // require modules","        local.fs = require('fs');","        local.http = require('http');","        local.url = require('url');","        // init assets","        local.assetsDict = local.assetsDict || {};","        /* jslint-ignore-begin */","        local.assetsDict['/assets.index.template.html'] = '\\","<!doctype html>\\n\\","<html lang=\"en\">\\n\\","<head>\\n\\","<meta charset=\"UTF-8\">\\n\\","<meta name=\"viewport\" content=\"width=device-width, initial-scale=1\">\\n\\","<title>{{env.npm_package_name}} (v{{env.npm_package_version}})</title>\\n\\","<style>\\n\\","/*csslint\\n\\","    box-sizing: false,\\n\\","    universal-selector: false\\n\\","*/\\n\\","* {\\n\\","    box-sizing: border-box;\\n\\","}\\n\\","body {\\n\\","    background: #dde;\\n\\","    font-family: Arial, Helvetica, sans-serif;\\n\\","    margin: 2rem;\\n\\","}\\n\\","body > * {\\n\\","    margin-bottom: 1rem;\\n\\","}\\n\\",".utility2FooterDiv {\\n\\","    margin-top: 20px;\\n\\","    text-align: center;\\n\\","}\\n\\","</style>\\n\\","<style>\\n\\","/*csslint\\n\\","*/\\n\\","textarea {\\n\\","    font-family: monospace;\\n\\","    height: 10rem;\\n\\","    width: 100%;\\n\\","}\\n\\","textarea[readonly] {\\n\\","    background: #ddd;\\n\\","}\\n\\","</style>\\n\\","</head>\\n\\","<body>\\n\\","<!-- utility2-comment\\n\\","<div id=\"ajaxProgressDiv1\" style=\"background: #d00; height: 2px; left: 0; margin: 0; padding: 0; position: fixed; top: 0; transition: background 0.5s, width 1.5s; width: 25%;\"></div>\\n\\","utility2-comment -->\\n\\","<h1>\\n\\","<!-- utility2-comment\\n\\","    <a\\n\\","        {{#if env.npm_package_homepage}}\\n\\","        href=\"{{env.npm_package_homepage}}\"\\n\\","        {{/if env.npm_package_homepage}}\\n\\","        target=\"_blank\"\\n\\","    >\\n\\","utility2-comment -->\\n\\","        {{env.npm_package_name}} (v{{env.npm_package_version}})\\n\\","<!-- utility2-comment\\n\\","    </a>\\n\\","utility2-comment -->\\n\\","</h1>\\n\\","<h3>{{env.npm_package_description}}</h3>\\n\\","<!-- utility2-comment\\n\\","<h4><a download href=\"assets.app.js\">download standalone app</a></h4>\\n\\","<button class=\"onclick onreset\" id=\"testRunButton1\">run internal test</button><br>\\n\\","<div id=\"testReportDiv1\" style=\"display: none;\"></div>\\n\\","utility2-comment -->\\n\\","\\n\\","\\n\\","\\n\\","<label>stderr and stdout</label>\\n\\","<textarea class=\"resettable\" id=\"outputTextareaStdout1\" readonly></textarea>\\n\\","<!-- utility2-comment\\n\\","{{#if isRollup}}\\n\\","<script src=\"assets.app.js\"></script>\\n\\","{{#unless isRollup}}\\n\\","utility2-comment -->\\n\\","<script src=\"assets.utility2.rollup.js\"></script>\\n\\","<script src=\"jsonp.utility2._stateInit?callback=window.utility2._stateInit\"></script>\\n\\","<script src=\"assets.npmtest_iconv_lite.rollup.js\"></script>\\n\\","<script src=\"assets.example.js\"></script>\\n\\","<script src=\"assets.test.js\"></script>\\n\\","<!-- utility2-comment\\n\\","{{/if isRollup}}\\n\\","utility2-comment -->\\n\\","<div class=\"utility2FooterDiv\">\\n\\","    [ this app was created with\\n\\","    <a href=\"https://github.com/kaizhu256/node-utility2\" target=\"_blank\">utility2</a>\\n\\","    ]\\n\\","</div>\\n\\","</body>\\n\\","</html>\\n\\","';","        /* jslint-ignore-end */","        if (local.templateRender) {","            local.assetsDict['/'] = local.templateRender(","                local.assetsDict['/assets.index.template.html'],","                {","                    env: local.objectSetDefault(local.env, {","                        npm_package_description: 'the greatest app in the world!',","                        npm_package_name: 'my-app',","                        npm_package_nameAlias: 'my_app',","                        npm_package_version: '0.0.1'","                    })","                }","            );","        } else {","            local.assetsDict['/'] = local.assetsDict['/assets.index.template.html']","                .replace((/\\{\\{env\\.(\\w+?)\\}\\}/g), function (match0, match1) {","                    // jslint-hack","                    String(match0);","                    switch (match1) {","                    case 'npm_package_description':","                        return 'the greatest app in the world!';","                    case 'npm_package_name':","                        return 'my-app';","                    case 'npm_package_nameAlias':","                        return 'my_app';","                    case 'npm_package_version':","                        return '0.0.1';","                    }","                });","        }","        // run the cli","        if (local.global.utility2_rollup || module !== require.main) {","            break;","        }","        local.assetsDict['/assets.example.js'] =","            local.assetsDict['/assets.example.js'] ||","            local.fs.readFileSync(__filename, 'utf8');","        local.assetsDict['/assets.npmtest_iconv_lite.rollup.js'] =","            local.assetsDict['/assets.npmtest_iconv_lite.rollup.js'] ||","            local.fs.readFileSync(","                // buildCustomOrg-hack","                local.npmtest_iconv_lite.__dirname +","                    '/lib.npmtest_iconv_lite.js',","                'utf8'","            ).replace((/^#!/), '//');","        local.assetsDict['/favicon.ico'] = local.assetsDict['/favicon.ico'] || '';","        // if $npm_config_timeout_exit exists,","        // then exit this process after $npm_config_timeout_exit ms","        if (Number(process.env.npm_config_timeout_exit)) {","            setTimeout(process.exit, Number(process.env.npm_config_timeout_exit));","        }","        // start server","        if (local.global.utility2_serverHttp1) {","            break;","        }","        process.env.PORT = process.env.PORT || '8081';","        console.error('server starting on port ' + process.env.PORT);","        local.http.createServer(function (request, response) {","            request.urlParsed = local.url.parse(request.url);","            if (local.assetsDict[request.urlParsed.pathname] !== undefined) {","                response.end(local.assetsDict[request.urlParsed.pathname]);","                return;","            }","            response.statusCode = 404;","            response.end();","        }).listen(process.env.PORT);","        break;","    }","}());",""],"l":{"26":2,"28":2,"33":2,"35":2,"37":2,"38":2,"39":2,"44":1,"51":2,"55":2,"59":2,"61":2,"69":1,"70":2,"76":2,"79":2,"82":2,"83":2,"85":1,"89":2,"92":1,"93":1,"94":1,"96":1,"97":1,"100":1,"101":1,"103":1,"106":1,"108":2,"114":1,"116":1,"118":1,"123":1,"124":2,"125":2,"126":2,"127":2,"128":2,"129":2,"130":1,"133":2,"134":2,"139":2,"143":1,"144":3,"145":1,"149":1,"150":1,"158":1,"160":1,"161":1,"162":1,"164":1,"166":1,"258":1,"259":1,"271":1,"274":6,"275":6,"277":1,"279":2,"281":1,"283":2,"288":1,"289":1,"291":1,"294":1,"302":1,"305":1,"306":1,"309":1,"310":1,"312":1,"313":1,"314":1,"315":1,"316":1,"317":1,"318":1,"320":1,"321":1,"323":1}},"/home/travis/build/npmtest/node-npmtest-iconv-lite/iconv-lite/lib/index.js":{"path":"/home/travis/build/npmtest/node-npmtest-iconv-lite/iconv-lite/lib/index.js","s":{"1":1,"2":1,"3":1,"4":1,"5":1,"6":0,"7":0,"8":0,"9":0,"10":0,"11":1,"12":0,"13":0,"14":0,"15":0,"16":0,"17":0,"18":0,"19":0,"20":0,"21":1,"22":0,"23":0,"24":0,"25":0,"26":1,"27":1,"28":1,"29":1,"30":0,"31":0,"32":0,"33":0,"34":0,"35":0,"36":0,"37":0,"38":0,"39":0,"40":0,"41":0,"42":0,"43":0,"44":0,"45":0,"46":0,"47":0,"48":0,"49":0,"50":0,"51":0,"52":0,"53":0,"54":1,"55":0,"56":0,"57":0,"58":0,"59":1,"60":0,"61":0,"62":0,"63":0,"64":1,"65":1,"66":1,"67":1,"68":1,"69":1},"b":{"1":[0,0],"2":[0,0],"3":[0,0],"4":[0,0],"5":[0,0],"6":[0,0],"7":[0,0],"8":[0,0],"9":[0,0],"10":[0,0,0,0],"11":[0,0],"12":[0,0],"13":[0,0],"14":[0,0,0],"15":[0,0],"16":[0,0],"17":[0,0],"18":[1,1,1],"19":[1,0],"20":[1,0],"21":[1,0]},"f":{"1":0,"2":0,"3":0,"4":0,"5":0,"6":0},"fnMap":{"1":{"name":"encode","line":15,"loc":{"start":{"line":15,"column":15},"end":{"line":15,"column":55}}},"2":{"name":"decode","line":26,"loc":{"start":{"line":26,"column":15},"end":{"line":26,"column":55}}},"3":{"name":"encodingExists","line":44,"loc":{"start":{"line":44,"column":23},"end":{"line":44,"column":52}}},"4":{"name":"getCodec","line":59,"loc":{"start":{"line":59,"column":17},"end":{"line":59,"column":45}}},"5":{"name":"getEncoder","line":107,"loc":{"start":{"line":107,"column":19},"end":{"line":107,"column":58}}},"6":{"name":"getDecoder","line":117,"loc":{"start":{"line":117,"column":19},"end":{"line":117,"column":58}}}},"statementMap":{"1":{"start":{"line":3,"column":0},"end":{"line":4,"column":27}},"2":{"start":{"line":8,"column":0},"end":{"line":8,"column":23}},"3":{"start":{"line":11,"column":0},"end":{"line":11,"column":31}},"4":{"start":{"line":12,"column":0},"end":{"line":12,"column":34}},"5":{"start":{"line":15,"column":0},"end":{"line":24,"column":1}},"6":{"start":{"line":16,"column":4},"end":{"line":16,"column":27}},"7":{"start":{"line":18,"column":4},"end":{"line":18,"column":54}},"8":{"start":{"line":20,"column":4},"end":{"line":20,"column":33}},"9":{"start":{"line":21,"column":4},"end":{"line":21,"column":30}},"10":{"start":{"line":23,"column":4},"end":{"line":23,"column":75}},"11":{"start":{"line":26,"column":0},"end":{"line":42,"column":1}},"12":{"start":{"line":27,"column":4},"end":{"line":34,"column":5}},"13":{"start":{"line":28,"column":8},"end":{"line":31,"column":9}},"14":{"start":{"line":29,"column":12},"end":{"line":29,"column":166}},"15":{"start":{"line":30,"column":12},"end":{"line":30,"column":43}},"16":{"start":{"line":33,"column":8},"end":{"line":33,"column":53}},"17":{"start":{"line":36,"column":4},"end":{"line":36,"column":54}},"18":{"start":{"line":38,"column":4},"end":{"line":38,"column":33}},"19":{"start":{"line":39,"column":4},"end":{"line":39,"column":30}},"20":{"start":{"line":41,"column":4},"end":{"line":41,"column":39}},"21":{"start":{"line":44,"column":0},"end":{"line":51,"column":1}},"22":{"start":{"line":45,"column":4},"end":{"line":50,"column":5}},"23":{"start":{"line":46,"column":8},"end":{"line":46,"column":28}},"24":{"start":{"line":47,"column":8},"end":{"line":47,"column":20}},"25":{"start":{"line":49,"column":8},"end":{"line":49,"column":21}},"26":{"start":{"line":54,"column":0},"end":{"line":54,"column":32}},"27":{"start":{"line":55,"column":0},"end":{"line":55,"column":34}},"28":{"start":{"line":58,"column":0},"end":{"line":58,"column":27}},"29":{"start":{"line":59,"column":0},"end":{"line":105,"column":1}},"30":{"start":{"line":60,"column":4},"end":{"line":61,"column":50}},"31":{"start":{"line":61,"column":8},"end":{"line":61,"column":50}},"32":{"start":{"line":64,"column":4},"end":{"line":64,"column":76}},"33":{"start":{"line":67,"column":4},"end":{"line":67,"column":26}},"34":{"start":{"line":68,"column":4},"end":{"line":104,"column":5}},"35":{"start":{"line":69,"column":8},"end":{"line":69,"column":47}},"36":{"start":{"line":70,"column":8},"end":{"line":71,"column":25}},"37":{"start":{"line":71,"column":12},"end":{"line":71,"column":25}},"38":{"start":{"line":73,"column":8},"end":{"line":73,"column":44}},"39":{"start":{"line":75,"column":8},"end":{"line":103,"column":9}},"40":{"start":{"line":77,"column":16},"end":{"line":77,"column":31}},"41":{"start":{"line":78,"column":16},"end":{"line":78,"column":22}},"42":{"start":{"line":81,"column":16},"end":{"line":82,"column":54}},"43":{"start":{"line":82,"column":20},"end":{"line":82,"column":54}},"44":{"start":{"line":84,"column":16},"end":{"line":85,"column":52}},"45":{"start":{"line":85,"column":20},"end":{"line":85,"column":52}},"46":{"start":{"line":87,"column":16},"end":{"line":87,"column":36}},"47":{"start":{"line":88,"column":16},"end":{"line":88,"column":22}},"48":{"start":{"line":91,"column":16},"end":{"line":92,"column":52}},"49":{"start":{"line":92,"column":20},"end":{"line":92,"column":52}},"50":{"start":{"line":96,"column":16},"end":{"line":96,"column":58}},"51":{"start":{"line":98,"column":16},"end":{"line":98,"column":73}},"52":{"start":{"line":99,"column":16},"end":{"line":99,"column":29}},"53":{"start":{"line":102,"column":16},"end":{"line":102,"column":104}},"54":{"start":{"line":107,"column":0},"end":{"line":115,"column":1}},"55":{"start":{"line":108,"column":4},"end":{"line":109,"column":52}},"56":{"start":{"line":111,"column":4},"end":{"line":112,"column":63}},"57":{"start":{"line":112,"column":8},"end":{"line":112,"column":63}},"58":{"start":{"line":114,"column":4},"end":{"line":114,"column":19}},"59":{"start":{"line":117,"column":0},"end":{"line":125,"column":1}},"60":{"start":{"line":118,"column":4},"end":{"line":119,"column":52}},"61":{"start":{"line":121,"column":4},"end":{"line":122,"column":61}},"62":{"start":{"line":122,"column":8},"end":{"line":122,"column":61}},"63":{"start":{"line":124,"column":4},"end":{"line":124,"column":19}},"64":{"start":{"line":129,"column":0},"end":{"line":129,"column":90}},"65":{"start":{"line":130,"column":0},"end":{"line":140,"column":1}},"66":{"start":{"line":133,"column":4},"end":{"line":133,"column":52}},"67":{"start":{"line":134,"column":4},"end":{"line":136,"column":5}},"68":{"start":{"line":135,"column":8},"end":{"line":135,"column":36}},"69":{"start":{"line":139,"column":4},"end":{"line":139,"column":36}}},"branchMap":{"1":{"line":16,"type":"binary-expr","locations":[{"start":{"line":16,"column":16},"end":{"line":16,"column":19}},{"start":{"line":16,"column":23},"end":{"line":16,"column":25}}]},"2":{"line":23,"type":"cond-expr","locations":[{"start":{"line":23,"column":41},"end":{"line":23,"column":68}},{"start":{"line":23,"column":71},"end":{"line":23,"column":74}}]},"3":{"line":23,"type":"binary-expr","locations":[{"start":{"line":23,"column":12},"end":{"line":23,"column":17}},{"start":{"line":23,"column":21},"end":{"line":23,"column":37}}]},"4":{"line":27,"type":"if","locations":[{"start":{"line":27,"column":4},"end":{"line":27,"column":4}},{"start":{"line":27,"column":4},"end":{"line":27,"column":4}}]},"5":{"line":28,"type":"if","locations":[{"start":{"line":28,"column":8},"end":{"line":28,"column":8}},{"start":{"line":28,"column":8},"end":{"line":28,"column":8}}]},"6":{"line":33,"type":"binary-expr","locations":[{"start":{"line":33,"column":31},"end":{"line":33,"column":34}},{"start":{"line":33,"column":38},"end":{"line":33,"column":40}}]},"7":{"line":41,"type":"cond-expr","locations":[{"start":{"line":41,"column":20},"end":{"line":41,"column":31}},{"start":{"line":41,"column":35},"end":{"line":41,"column":38}}]},"8":{"line":60,"type":"if","locations":[{"start":{"line":60,"column":4},"end":{"line":60,"column":4}},{"start":{"line":60,"column":4},"end":{"line":60,"column":4}}]},"9":{"line":70,"type":"if","locations":[{"start":{"line":70,"column":8},"end":{"line":70,"column":8}},{"start":{"line":70,"column":8},"end":{"line":70,"column":8}}]},"10":{"line":75,"type":"switch","locations":[{"start":{"line":76,"column":12},"end":{"line":78,"column":22}},{"start":{"line":80,"column":12},"end":{"line":88,"column":22}},{"start":{"line":90,"column":12},"end":{"line":99,"column":29}},{"start":{"line":101,"column":12},"end":{"line":102,"column":104}}]},"11":{"line":84,"type":"if","locations":[{"start":{"line":84,"column":16},"end":{"line":84,"column":16}},{"start":{"line":84,"column":16},"end":{"line":84,"column":16}}]},"12":{"line":91,"type":"if","locations":[{"start":{"line":91,"column":16},"end":{"line":91,"column":16}},{"start":{"line":91,"column":16},"end":{"line":91,"column":16}}]},"13":{"line":111,"type":"if","locations":[{"start":{"line":111,"column":4},"end":{"line":111,"column":4}},{"start":{"line":111,"column":4},"end":{"line":111,"column":4}}]},"14":{"line":111,"type":"binary-expr","locations":[{"start":{"line":111,"column":8},"end":{"line":111,"column":22}},{"start":{"line":111,"column":26},"end":{"line":111,"column":33}},{"start":{"line":111,"column":37},"end":{"line":111,"column":51}}]},"15":{"line":121,"type":"if","locations":[{"start":{"line":121,"column":4},"end":{"line":121,"column":4}},{"start":{"line":121,"column":4},"end":{"line":121,"column":4}}]},"16":{"line":121,"type":"binary-expr","locations":[{"start":{"line":121,"column":8},"end":{"line":121,"column":22}},{"start":{"line":121,"column":26},"end":{"line":121,"column":66}}]},"17":{"line":121,"type":"binary-expr","locations":[{"start":{"line":121,"column":28},"end":{"line":121,"column":35}},{"start":{"line":121,"column":39},"end":{"line":121,"column":65}}]},"18":{"line":129,"type":"binary-expr","locations":[{"start":{"line":129,"column":14},"end":{"line":129,"column":44}},{"start":{"line":129,"column":48},"end":{"line":129,"column":64}},{"start":{"line":129,"column":68},"end":{"line":129,"column":89}}]},"19":{"line":130,"type":"if","locations":[{"start":{"line":130,"column":0},"end":{"line":130,"column":0}},{"start":{"line":130,"column":0},"end":{"line":130,"column":0}}]},"20":{"line":134,"type":"if","locations":[{"start":{"line":134,"column":4},"end":{"line":134,"column":4}},{"start":{"line":134,"column":4},"end":{"line":134,"column":4}}]},"21":{"line":134,"type":"binary-expr","locations":[{"start":{"line":134,"column":8},"end":{"line":134,"column":25}},{"start":{"line":134,"column":29},"end":{"line":134,"column":48}}]}},"code":["\"use strict\"","","var bomHandling = require('./bom-handling'),","    iconv = module.exports;","","// All codecs and aliases are kept here, keyed by encoding name/alias.","// They are lazy loaded in `iconv.getCodec` from `encodings/index.js`.","iconv.encodings = null;","","// Characters emitted in case of error.","iconv.defaultCharUnicode = '�';","iconv.defaultCharSingleByte = '?';","","// Public API.","iconv.encode = function encode(str, encoding, options) {","    str = \"\" + (str || \"\"); // Ensure string.","","    var encoder = iconv.getEncoder(encoding, options);","","    var res = encoder.write(str);","    var trail = encoder.end();","    ","    return (trail && trail.length > 0) ? Buffer.concat([res, trail]) : res;","}","","iconv.decode = function decode(buf, encoding, options) {","    if (typeof buf === 'string') {","        if (!iconv.skipDecodeWarning) {","            console.error('Iconv-lite warning: decode()-ing strings is deprecated. Refer to https://github.com/ashtuchkin/iconv-lite/wiki/Use-Buffers-when-decoding');","            iconv.skipDecodeWarning = true;","        }","","        buf = new Buffer(\"\" + (buf || \"\"), \"binary\"); // Ensure buffer.","    }","","    var decoder = iconv.getDecoder(encoding, options);","","    var res = decoder.write(buf);","    var trail = decoder.end();","","    return trail ? (res + trail) : res;","}","","iconv.encodingExists = function encodingExists(enc) {","    try {","        iconv.getCodec(enc);","        return true;","    } catch (e) {","        return false;","    }","}","","// Legacy aliases to convert functions","iconv.toEncoding = iconv.encode;","iconv.fromEncoding = iconv.decode;","","// Search for a codec in iconv.encodings. Cache codec data in iconv._codecDataCache.","iconv._codecDataCache = {};","iconv.getCodec = function getCodec(encoding) {","    if (!iconv.encodings)","        iconv.encodings = require(\"../encodings\"); // Lazy load all encoding definitions.","    ","    // Canonicalize encoding name: strip all non-alphanumeric chars and appended year.","    var enc = (''+encoding).toLowerCase().replace(/[^0-9a-z]|:\\d{4}$/g, \"\");","","    // Traverse iconv.encodings to find actual codec.","    var codecOptions = {};","    while (true) {","        var codec = iconv._codecDataCache[enc];","        if (codec)","            return codec;","","        var codecDef = iconv.encodings[enc];","","        switch (typeof codecDef) {","            case \"string\": // Direct alias to other encoding.","                enc = codecDef;","                break;","","            case \"object\": // Alias with options. Can be layered.","                for (var key in codecDef)","                    codecOptions[key] = codecDef[key];","","                if (!codecOptions.encodingName)","                    codecOptions.encodingName = enc;","                ","                enc = codecDef.type;","                break;","","            case \"function\": // Codec itself.","                if (!codecOptions.encodingName)","                    codecOptions.encodingName = enc;","","                // The codec function must load all tables and return object with .encoder and .decoder methods.","                // It'll be called only once (for each different options object).","                codec = new codecDef(codecOptions, iconv);","","                iconv._codecDataCache[codecOptions.encodingName] = codec; // Save it to be reused later.","                return codec;","","            default:","                throw new Error(\"Encoding not recognized: '\" + encoding + \"' (searched as: '\"+enc+\"')\");","        }","    }","}","","iconv.getEncoder = function getEncoder(encoding, options) {","    var codec = iconv.getCodec(encoding),","        encoder = new codec.encoder(options, codec);","","    if (codec.bomAware && options && options.addBOM)","        encoder = new bomHandling.PrependBOM(encoder, options);","","    return encoder;","}","","iconv.getDecoder = function getDecoder(encoding, options) {","    var codec = iconv.getCodec(encoding),","        decoder = new codec.decoder(options, codec);","","    if (codec.bomAware && !(options && options.stripBOM === false))","        decoder = new bomHandling.StripBOM(decoder, options);","","    return decoder;","}","","","// Load extensions in Node. All of them are omitted in Browserify build via 'browser' field in package.json.","var nodeVer = typeof process !== 'undefined' && process.versions && process.versions.node;","if (nodeVer) {","","    // Load streaming support in Node v0.10+","    var nodeVerArr = nodeVer.split(\".\").map(Number);","    if (nodeVerArr[0] > 0 || nodeVerArr[1] >= 10) {","        require(\"./streams\")(iconv);","    }","","    // Load Node primitive extensions.","    require(\"./extend-node\")(iconv);","}","",""],"l":{"3":1,"8":1,"11":1,"12":1,"15":1,"16":0,"18":0,"20":0,"21":0,"23":0,"26":1,"27":0,"28":0,"29":0,"30":0,"33":0,"36":0,"38":0,"39":0,"41":0,"44":1,"45":0,"46":0,"47":0,"49":0,"54":1,"55":1,"58":1,"59":1,"60":0,"61":0,"64":0,"67":0,"68":0,"69":0,"70":0,"71":0,"73":0,"75":0,"77":0,"78":0,"81":0,"82":0,"84":0,"85":0,"87":0,"88":0,"91":0,"92":0,"96":0,"98":0,"99":0,"102":0,"107":1,"108":0,"111":0,"112":0,"114":0,"117":1,"118":0,"121":0,"122":0,"124":0,"129":1,"130":1,"133":1,"134":1,"135":1,"139":1}},"/home/travis/build/npmtest/node-npmtest-iconv-lite/iconv-lite/lib/bom-handling.js":{"path":"/home/travis/build/npmtest/node-npmtest-iconv-lite/iconv-lite/lib/bom-handling.js","s":{"1":1,"2":1,"3":1,"4":0,"5":0,"6":1,"7":0,"8":0,"9":0,"10":0,"11":1,"12":0,"13":1,"14":1,"15":0,"16":0,"17":0,"18":1,"19":0,"20":0,"21":0,"22":0,"23":0,"24":0,"25":0,"26":0,"27":0,"28":1,"29":0},"b":{"1":[0,0],"2":[0,0],"3":[0,0],"4":[0,0],"5":[0,0],"6":[0,0]},"f":{"1":0,"2":0,"3":0,"4":0,"5":0,"6":0},"fnMap":{"1":{"name":"PrependBOMWrapper","line":6,"loc":{"start":{"line":6,"column":0},"end":{"line":6,"column":45}}},"2":{"name":"(anonymous_2)","line":11,"loc":{"start":{"line":11,"column":36},"end":{"line":11,"column":50}}},"3":{"name":"(anonymous_3)","line":20,"loc":{"start":{"line":20,"column":34},"end":{"line":20,"column":45}}},"4":{"name":"StripBOMWrapper","line":28,"loc":{"start":{"line":28,"column":0},"end":{"line":28,"column":43}}},"5":{"name":"(anonymous_5)","line":34,"loc":{"start":{"line":34,"column":34},"end":{"line":34,"column":48}}},"6":{"name":"(anonymous_6)","line":49,"loc":{"start":{"line":49,"column":32},"end":{"line":49,"column":43}}}},"statementMap":{"1":{"start":{"line":3,"column":0},"end":{"line":3,"column":23}},"2":{"start":{"line":5,"column":0},"end":{"line":5,"column":38}},"3":{"start":{"line":6,"column":0},"end":{"line":9,"column":1}},"4":{"start":{"line":7,"column":4},"end":{"line":7,"column":27}},"5":{"start":{"line":8,"column":4},"end":{"line":8,"column":23}},"6":{"start":{"line":11,"column":0},"end":{"line":18,"column":1}},"7":{"start":{"line":12,"column":4},"end":{"line":15,"column":5}},"8":{"start":{"line":13,"column":8},"end":{"line":13,"column":28}},"9":{"start":{"line":14,"column":8},"end":{"line":14,"column":28}},"10":{"start":{"line":17,"column":4},"end":{"line":17,"column":35}},"11":{"start":{"line":20,"column":0},"end":{"line":22,"column":1}},"12":{"start":{"line":21,"column":4},"end":{"line":21,"column":30}},"13":{"start":{"line":27,"column":0},"end":{"line":27,"column":35}},"14":{"start":{"line":28,"column":0},"end":{"line":32,"column":1}},"15":{"start":{"line":29,"column":4},"end":{"line":29,"column":27}},"16":{"start":{"line":30,"column":4},"end":{"line":30,"column":22}},"17":{"start":{"line":31,"column":4},"end":{"line":31,"column":33}},"18":{"start":{"line":34,"column":0},"end":{"line":47,"column":1}},"19":{"start":{"line":35,"column":4},"end":{"line":35,"column":38}},"20":{"start":{"line":36,"column":4},"end":{"line":37,"column":19}},"21":{"start":{"line":37,"column":8},"end":{"line":37,"column":19}},"22":{"start":{"line":39,"column":4},"end":{"line":43,"column":5}},"23":{"start":{"line":40,"column":8},"end":{"line":40,"column":27}},"24":{"start":{"line":41,"column":8},"end":{"line":42,"column":36}},"25":{"start":{"line":42,"column":12},"end":{"line":42,"column":36}},"26":{"start":{"line":45,"column":4},"end":{"line":45,"column":21}},"27":{"start":{"line":46,"column":4},"end":{"line":46,"column":15}},"28":{"start":{"line":49,"column":0},"end":{"line":51,"column":1}},"29":{"start":{"line":50,"column":4},"end":{"line":50,"column":30}}},"branchMap":{"1":{"line":12,"type":"if","locations":[{"start":{"line":12,"column":4},"end":{"line":12,"column":4}},{"start":{"line":12,"column":4},"end":{"line":12,"column":4}}]},"2":{"line":31,"type":"binary-expr","locations":[{"start":{"line":31,"column":19},"end":{"line":31,"column":26}},{"start":{"line":31,"column":30},"end":{"line":31,"column":32}}]},"3":{"line":36,"type":"if","locations":[{"start":{"line":36,"column":4},"end":{"line":36,"column":4}},{"start":{"line":36,"column":4},"end":{"line":36,"column":4}}]},"4":{"line":36,"type":"binary-expr","locations":[{"start":{"line":36,"column":8},"end":{"line":36,"column":17}},{"start":{"line":36,"column":21},"end":{"line":36,"column":25}}]},"5":{"line":39,"type":"if","locations":[{"start":{"line":39,"column":4},"end":{"line":39,"column":4}},{"start":{"line":39,"column":4},"end":{"line":39,"column":4}}]},"6":{"line":41,"type":"if","locations":[{"start":{"line":41,"column":8},"end":{"line":41,"column":8}},{"start":{"line":41,"column":8},"end":{"line":41,"column":8}}]}},"code":["\"use strict\"","","var BOMChar = '\\uFEFF';","","exports.PrependBOM = PrependBOMWrapper","function PrependBOMWrapper(encoder, options) {","    this.encoder = encoder;","    this.addBOM = true;","}","","PrependBOMWrapper.prototype.write = function(str) {","    if (this.addBOM) {","        str = BOMChar + str;","        this.addBOM = false;","    }","","    return this.encoder.write(str);","}","","PrependBOMWrapper.prototype.end = function() {","    return this.encoder.end();","}","","","//------------------------------------------------------------------------------","","exports.StripBOM = StripBOMWrapper;","function StripBOMWrapper(decoder, options) {","    this.decoder = decoder;","    this.pass = false;","    this.options = options || {};","}","","StripBOMWrapper.prototype.write = function(buf) {","    var res = this.decoder.write(buf);","    if (this.pass || !res)","        return res;","","    if (res[0] === BOMChar) {","        res = res.slice(1);","        if (typeof this.options.stripBOM === 'function')","            this.options.stripBOM();","    }","","    this.pass = true;","    return res;","}","","StripBOMWrapper.prototype.end = function() {","    return this.decoder.end();","}","",""],"l":{"3":1,"5":1,"6":1,"7":0,"8":0,"11":1,"12":0,"13":0,"14":0,"17":0,"20":1,"21":0,"27":1,"28":1,"29":0,"30":0,"31":0,"34":1,"35":0,"36":0,"37":0,"39":0,"40":0,"41":0,"42":0,"45":0,"46":0,"49":1,"50":0}},"/home/travis/build/npmtest/node-npmtest-iconv-lite/iconv-lite/lib/streams.js":{"path":"/home/travis/build/npmtest/node-npmtest-iconv-lite/iconv-lite/lib/streams.js","s":{"1":1,"2":1,"3":1,"4":0,"5":1,"6":0,"7":1,"8":1,"9":1,"10":1,"11":1,"12":0,"13":0,"14":0,"15":0,"16":1,"17":1,"18":0,"19":0,"20":0,"21":0,"22":0,"23":0,"24":0,"25":0,"26":1,"27":0,"28":0,"29":0,"30":0,"31":0,"32":0,"33":1,"34":0,"35":0,"36":0,"37":0,"38":0,"39":0,"40":0,"41":1,"42":0,"43":0,"44":0,"45":0,"46":1,"47":1,"48":0,"49":0,"50":0,"51":0,"52":0,"53":0,"54":0,"55":0,"56":1,"57":0,"58":0,"59":0,"60":0,"61":0,"62":0,"63":1,"64":0,"65":0,"66":0,"67":0,"68":0,"69":0,"70":0},"b":{"1":[0,0],"2":[0,0],"3":[0,0],"4":[0,0],"5":[0,0],"6":[0,0],"7":[0,0],"8":[0,0],"9":[0,0],"10":[0,0],"11":[0,0],"12":[0,0]},"f":{"1":1,"2":0,"3":0,"4":0,"5":0,"6":0,"7":0,"8":0,"9":0,"10":0,"11":0,"12":0,"13":0,"14":0,"15":0},"fnMap":{"1":{"name":"(anonymous_1)","line":7,"loc":{"start":{"line":7,"column":17},"end":{"line":7,"column":33}}},"2":{"name":"encodeStream","line":10,"loc":{"start":{"line":10,"column":25},"end":{"line":10,"column":66}}},"3":{"name":"decodeStream","line":14,"loc":{"start":{"line":14,"column":25},"end":{"line":14,"column":66}}},"4":{"name":"IconvLiteEncoderStream","line":29,"loc":{"start":{"line":29,"column":0},"end":{"line":29,"column":47}}},"5":{"name":"(anonymous_5)","line":40,"loc":{"start":{"line":40,"column":46},"end":{"line":40,"column":78}}},"6":{"name":"(anonymous_6)","line":53,"loc":{"start":{"line":53,"column":42},"end":{"line":53,"column":57}}},"7":{"name":"(anonymous_7)","line":64,"loc":{"start":{"line":64,"column":43},"end":{"line":64,"column":56}}},"8":{"name":"(anonymous_8)","line":67,"loc":{"start":{"line":67,"column":20},"end":{"line":67,"column":36}}},"9":{"name":"(anonymous_9)","line":68,"loc":{"start":{"line":68,"column":19},"end":{"line":68,"column":30}}},"10":{"name":"IconvLiteDecoderStream","line":76,"loc":{"start":{"line":76,"column":0},"end":{"line":76,"column":47}}},"11":{"name":"(anonymous_11)","line":87,"loc":{"start":{"line":87,"column":46},"end":{"line":87,"column":78}}},"12":{"name":"(anonymous_12)","line":100,"loc":{"start":{"line":100,"column":42},"end":{"line":100,"column":57}}},"13":{"name":"(anonymous_13)","line":111,"loc":{"start":{"line":111,"column":43},"end":{"line":111,"column":56}}},"14":{"name":"(anonymous_14)","line":114,"loc":{"start":{"line":114,"column":20},"end":{"line":114,"column":36}}},"15":{"name":"(anonymous_15)","line":115,"loc":{"start":{"line":115,"column":19},"end":{"line":115,"column":30}}}},"statementMap":{"1":{"start":{"line":3,"column":0},"end":{"line":3,"column":44}},"2":{"start":{"line":7,"column":0},"end":{"line":25,"column":2}},"3":{"start":{"line":10,"column":4},"end":{"line":12,"column":5}},"4":{"start":{"line":11,"column":8},"end":{"line":11,"column":88}},"5":{"start":{"line":14,"column":4},"end":{"line":16,"column":5}},"6":{"start":{"line":15,"column":8},"end":{"line":15,"column":88}},"7":{"start":{"line":18,"column":4},"end":{"line":18,"column":33}},"8":{"start":{"line":22,"column":4},"end":{"line":22,"column":58}},"9":{"start":{"line":23,"column":4},"end":{"line":23,"column":58}},"10":{"start":{"line":24,"column":4},"end":{"line":24,"column":62}},"11":{"start":{"line":29,"column":0},"end":{"line":34,"column":1}},"12":{"start":{"line":30,"column":4},"end":{"line":30,"column":21}},"13":{"start":{"line":31,"column":4},"end":{"line":31,"column":28}},"14":{"start":{"line":32,"column":4},"end":{"line":32,"column":34}},"15":{"start":{"line":33,"column":4},"end":{"line":33,"column":34}},"16":{"start":{"line":36,"column":0},"end":{"line":38,"column":3}},"17":{"start":{"line":40,"column":0},"end":{"line":51,"column":1}},"18":{"start":{"line":41,"column":4},"end":{"line":42,"column":84}},"19":{"start":{"line":42,"column":8},"end":{"line":42,"column":84}},"20":{"start":{"line":43,"column":4},"end":{"line":50,"column":5}},"21":{"start":{"line":44,"column":8},"end":{"line":44,"column":41}},"22":{"start":{"line":45,"column":8},"end":{"line":45,"column":46}},"23":{"start":{"line":45,"column":31},"end":{"line":45,"column":46}},"24":{"start":{"line":46,"column":8},"end":{"line":46,"column":15}},"25":{"start":{"line":49,"column":8},"end":{"line":49,"column":16}},"26":{"start":{"line":53,"column":0},"end":{"line":62,"column":1}},"27":{"start":{"line":54,"column":4},"end":{"line":61,"column":5}},"28":{"start":{"line":55,"column":8},"end":{"line":55,"column":34}},"29":{"start":{"line":56,"column":8},"end":{"line":56,"column":46}},"30":{"start":{"line":56,"column":31},"end":{"line":56,"column":46}},"31":{"start":{"line":57,"column":8},"end":{"line":57,"column":15}},"32":{"start":{"line":60,"column":8},"end":{"line":60,"column":16}},"33":{"start":{"line":64,"column":0},"end":{"line":72,"column":1}},"34":{"start":{"line":65,"column":4},"end":{"line":65,"column":20}},"35":{"start":{"line":66,"column":4},"end":{"line":66,"column":25}},"36":{"start":{"line":67,"column":4},"end":{"line":67,"column":61}},"37":{"start":{"line":67,"column":38},"end":{"line":67,"column":57}},"38":{"start":{"line":68,"column":4},"end":{"line":70,"column":7}},"39":{"start":{"line":69,"column":8},"end":{"line":69,"column":40}},"40":{"start":{"line":71,"column":4},"end":{"line":71,"column":16}},"41":{"start":{"line":76,"column":0},"end":{"line":81,"column":1}},"42":{"start":{"line":77,"column":4},"end":{"line":77,"column":21}},"43":{"start":{"line":78,"column":4},"end":{"line":78,"column":28}},"44":{"start":{"line":79,"column":4},"end":{"line":79,"column":46}},"45":{"start":{"line":80,"column":4},"end":{"line":80,"column":34}},"46":{"start":{"line":83,"column":0},"end":{"line":85,"column":3}},"47":{"start":{"line":87,"column":0},"end":{"line":98,"column":1}},"48":{"start":{"line":88,"column":4},"end":{"line":89,"column":84}},"49":{"start":{"line":89,"column":8},"end":{"line":89,"column":84}},"50":{"start":{"line":90,"column":4},"end":{"line":97,"column":5}},"51":{"start":{"line":91,"column":8},"end":{"line":91,"column":41}},"52":{"start":{"line":92,"column":8},"end":{"line":92,"column":61}},"53":{"start":{"line":92,"column":31},"end":{"line":92,"column":61}},"54":{"start":{"line":93,"column":8},"end":{"line":93,"column":15}},"55":{"start":{"line":96,"column":8},"end":{"line":96,"column":16}},"56":{"start":{"line":100,"column":0},"end":{"line":109,"column":1}},"57":{"start":{"line":101,"column":4},"end":{"line":108,"column":5}},"58":{"start":{"line":102,"column":8},"end":{"line":102,"column":34}},"59":{"start":{"line":103,"column":8},"end":{"line":103,"column":61}},"60":{"start":{"line":103,"column":31},"end":{"line":103,"column":61}},"61":{"start":{"line":104,"column":8},"end":{"line":104,"column":15}},"62":{"start":{"line":107,"column":8},"end":{"line":107,"column":16}},"63":{"start":{"line":111,"column":0},"end":{"line":119,"column":1}},"64":{"start":{"line":112,"column":4},"end":{"line":112,"column":17}},"65":{"start":{"line":113,"column":4},"end":{"line":113,"column":25}},"66":{"start":{"line":114,"column":4},"end":{"line":114,"column":55}},"67":{"start":{"line":114,"column":38},"end":{"line":114,"column":51}},"68":{"start":{"line":115,"column":4},"end":{"line":117,"column":7}},"69":{"start":{"line":116,"column":8},"end":{"line":116,"column":22}},"70":{"start":{"line":118,"column":4},"end":{"line":118,"column":16}}},"branchMap":{"1":{"line":31,"type":"binary-expr","locations":[{"start":{"line":31,"column":14},"end":{"line":31,"column":21}},{"start":{"line":31,"column":25},"end":{"line":31,"column":27}}]},"2":{"line":41,"type":"if","locations":[{"start":{"line":41,"column":4},"end":{"line":41,"column":4}},{"start":{"line":41,"column":4},"end":{"line":41,"column":4}}]},"3":{"line":45,"type":"if","locations":[{"start":{"line":45,"column":8},"end":{"line":45,"column":8}},{"start":{"line":45,"column":8},"end":{"line":45,"column":8}}]},"4":{"line":45,"type":"binary-expr","locations":[{"start":{"line":45,"column":12},"end":{"line":45,"column":15}},{"start":{"line":45,"column":19},"end":{"line":45,"column":29}}]},"5":{"line":56,"type":"if","locations":[{"start":{"line":56,"column":8},"end":{"line":56,"column":8}},{"start":{"line":56,"column":8},"end":{"line":56,"column":8}}]},"6":{"line":56,"type":"binary-expr","locations":[{"start":{"line":56,"column":12},"end":{"line":56,"column":15}},{"start":{"line":56,"column":19},"end":{"line":56,"column":29}}]},"7":{"line":78,"type":"binary-expr","locations":[{"start":{"line":78,"column":14},"end":{"line":78,"column":21}},{"start":{"line":78,"column":25},"end":{"line":78,"column":27}}]},"8":{"line":88,"type":"if","locations":[{"start":{"line":88,"column":4},"end":{"line":88,"column":4}},{"start":{"line":88,"column":4},"end":{"line":88,"column":4}}]},"9":{"line":92,"type":"if","locations":[{"start":{"line":92,"column":8},"end":{"line":92,"column":8}},{"start":{"line":92,"column":8},"end":{"line":92,"column":8}}]},"10":{"line":92,"type":"binary-expr","locations":[{"start":{"line":92,"column":12},"end":{"line":92,"column":15}},{"start":{"line":92,"column":19},"end":{"line":92,"column":29}}]},"11":{"line":103,"type":"if","locations":[{"start":{"line":103,"column":8},"end":{"line":103,"column":8}},{"start":{"line":103,"column":8},"end":{"line":103,"column":8}}]},"12":{"line":103,"type":"binary-expr","locations":[{"start":{"line":103,"column":12},"end":{"line":103,"column":15}},{"start":{"line":103,"column":19},"end":{"line":103,"column":29}}]}},"code":["\"use strict\"","","var Transform = require(\"stream\").Transform;","","","// == Exports ==================================================================","module.exports = function(iconv) {","    ","    // Additional Public API.","    iconv.encodeStream = function encodeStream(encoding, options) {","        return new IconvLiteEncoderStream(iconv.getEncoder(encoding, options), options);","    }","","    iconv.decodeStream = function decodeStream(encoding, options) {","        return new IconvLiteDecoderStream(iconv.getDecoder(encoding, options), options);","    }","","    iconv.supportsStreams = true;","","","    // Not published yet.","    iconv.IconvLiteEncoderStream = IconvLiteEncoderStream;","    iconv.IconvLiteDecoderStream = IconvLiteDecoderStream;","    iconv._collect = IconvLiteDecoderStream.prototype.collect;","};","","","// == Encoder stream =======================================================","function IconvLiteEncoderStream(conv, options) {","    this.conv = conv;","    options = options || {};","    options.decodeStrings = false; // We accept only strings, so we don't need to decode them.","    Transform.call(this, options);","}","","IconvLiteEncoderStream.prototype = Object.create(Transform.prototype, {","    constructor: { value: IconvLiteEncoderStream }","});","","IconvLiteEncoderStream.prototype._
[...]
,"78":{"start":{"line":131,"column":20},"end":{"line":131,"column":39}},"79":{"start":{"line":134,"column":16},"end":{"line":134,"column":36}},"80":{"start":{"line":135,"column":16},"end":{"line":135,"column":34}},"81":{"start":{"line":136,"column":16},"end":{"line":136,"column":32}},"82":{"start":{"line":137,"column":16},"end":{"line":137,"column":30}},"83":{"start":{"line":140,"column":12},"end":{"line":140,"column":64}},"84":{"start":{"line":143,"column":12},"end":{"line":144,"column":92}},"85":{"start":{"line":144,"column":16},"end":{"line":144,"column":92}},"86":{"start":{"line":146,"column":12},"end":{"line":146,"column":34}},"87":{"start":{"line":147,"column":12},"end":{"line":147,"column":49}},"88":{"start":{"line":148,"column":12},"end":{"line":155,"column":13}},"89":{"start":{"line":149,"column":16},"end":{"line":149,"column":35}},"90":{"start":{"line":151,"column":16},"end":{"line":151,"column":33}},"91":{"start":{"line":152,"column":16},"end":{"line":154,"column":17}},"92":{"start":{"line":153,"column":20},"end":{"line":153,"column":39}},"93":{"start":{"line":157,"column":12},"end":{"line":158,"column":78}},"94":{"start":{"line":158,"column":16},"end":{"line":158,"column":78}},"95":{"start":{"line":161,"column":12},"end":{"line":161,"column":53}},"96":{"start":{"line":162,"column":12},"end":{"line":162,"column":57}},"97":{"start":{"line":162,"column":37},"end":{"line":162,"column":57}},"98":{"start":{"line":163,"column":12},"end":{"line":163,"column":46}},"99":{"start":{"line":164,"column":12},"end":{"line":164,"column":26}},"100":{"start":{"line":171,"column":8},"end":{"line":183,"column":9}},"101":{"start":{"line":172,"column":12},"end":{"line":172,"column":54}},"102":{"start":{"line":174,"column":12},"end":{"line":174,"column":74}},"103":{"start":{"line":175,"column":12},"end":{"line":180,"column":13}},"104":{"start":{"line":178,"column":16},"end":{"line":178,"column":77}},"105":{"start":{"line":179,"column":16},"end":{"line":179,"column":51}},"106":{"start":{"line":182,"column":12},"end":{"line":182,"column":56}},"107":{"start":{"line":187,"column":4},"end":{"line":213,"column":5}},"108":{"start":{"line":188,"column":8},"end":{"line":189,"column":19}},"109":{"start":{"line":189,"column":12},"end":{"line":189,"column":19}},"110":{"start":{"line":190,"column":8},"end":{"line":191,"column":133}},"111":{"start":{"line":191,"column":12},"end":{"line":191,"column":133}},"112":{"start":{"line":193,"column":8},"end":{"line":193,"column":39}},"113":{"start":{"line":195,"column":8},"end":{"line":195,"column":54}},"114":{"start":{"line":197,"column":8},"end":{"line":197,"column":68}},"115":{"start":{"line":198,"column":8},"end":{"line":198,"column":62}},"116":{"start":{"line":200,"column":8},"end":{"line":200,"column":54}},"117":{"start":{"line":201,"column":8},"end":{"line":201,"column":54}},"118":{"start":{"line":202,"column":8},"end":{"line":202,"column":60}},"119":{"start":{"line":203,"column":8},"end":{"line":203,"column":54}},"120":{"start":{"line":205,"column":8},"end":{"line":210,"column":9}},"121":{"start":{"line":206,"column":12},"end":{"line":206,"column":54}},"122":{"start":{"line":208,"column":12},"end":{"line":208,"column":74}},"123":{"start":{"line":209,"column":12},"end":{"line":209,"column":46}},"124":{"start":{"line":212,"column":8},"end":{"line":212,"column":29}}},"branchMap":{"1":{"line":13,"type":"if","locations":[{"start":{"line":13,"column":8},"end":{"line":13,"column":8}},{"start":{"line":13,"column":8},"end":{"line":13,"column":8}}]},"2":{"line":16,"type":"if","locations":[{"start":{"line":16,"column":8},"end":{"line":16,"column":8}},{"start":{"line":16,"column":8},"end":{"line":16,"column":8}}]},"3":{"line":28,"type":"binary-expr","locations":[{"start":{"line":28,"column":19},"end":{"line":28,"column":22}},{"start":{"line":28,"column":26},"end":{"line":28,"column":64}}]},"4":{"line":36,"type":"binary-expr","locations":[{"start":{"line":36,"column":30},"end":{"line":36,"column":38}},{"start":{"line":36,"column":42},"end":{"line":36,"column":48}}]},"5":{"line":39,"type":"if","locations":[{"start":{"line":39,"column":12},"end":{"line":39,"column":12}},{"start":{"line":39,"column":12},"end":{"line":39,"column":12}}]},"6":{"line":43,"type":"if","locations":[{"start":{"line":43,"column":12},"end":{"line":43,"column":12}},{"start":{"line":43,"column":12},"end":{"line":43,"column":12}}]},"7":{"line":44,"type":"if","locations":[{"start":{"line":44,"column":12},"end":{"line":44,"column":12}},{"start":{"line":44,"column":12},"end":{"line":44,"column":12}}]},"8":{"line":52,"type":"if","locations":[{"start":{"line":52,"column":12},"end":{"line":52,"column":12}},{"start":{"line":52,"column":12},"end":{"line":52,"column":12}}]},"9":{"line":53,"type":"if","locations":[{"start":{"line":53,"column":16},"end":{"line":53,"column":16}},{"start":{"line":53,"column":16},"end":{"line":53,"column":16}}]},"10":{"line":64,"type":"binary-expr","locations":[{"start":{"line":64,"column":21},"end":{"line":64,"column":28}},{"start":{"line":64,"column":32},"end":{"line":64,"column":33}}]},"11":{"line":66,"type":"if","locations":[{"start":{"line":66,"column":12},"end":{"line":66,"column":12}},{"start":{"line":66,"column":12},"end":{"line":66,"column":12}}]},"12":{"line":70,"type":"if","locations":[{"start":{"line":70,"column":16},"end":{"line":70,"column":16}},{"start":{"line":70,"column":16},"end":{"line":70,"column":16}}]},"13":{"line":74,"type":"binary-expr","locations":[{"start":{"line":74,"column":30},"end":{"line":74,"column":38}},{"start":{"line":74,"column":42},"end":{"line":74,"column":48}}]},"14":{"line":77,"type":"if","locations":[{"start":{"line":77,"column":12},"end":{"line":77,"column":12}},{"start":{"line":77,"column":12},"end":{"line":77,"column":12}}]},"15":{"line":80,"type":"if","locations":[{"start":{"line":80,"column":12},"end":{"line":80,"column":12}},{"start":{"line":80,"column":12},"end":{"line":80,"column":12}}]},"16":{"line":80,"type":"binary-expr","locations":[{"start":{"line":80,"column":16},"end":{"line":80,"column":33}},{"start":{"line":80,"column":38},"end":{"line":80,"column":48}},{"start":{"line":80,"column":52},"end":{"line":80,"column":62}}]},"17":{"line":85,"type":"if","locations":[{"start":{"line":85,"column":12},"end":{"line":85,"column":12}},{"start":{"line":85,"column":12},"end":{"line":85,"column":12}}]},"18":{"line":94,"type":"binary-expr","locations":[{"start":{"line":94,"column":19},"end":{"line":94,"column":52}},{"start":{"line":94,"column":56},"end":{"line":94,"column":86}}]},"19":{"line":99,"type":"binary-expr","locations":[{"start":{"line":99,"column":30},"end":{"line":99,"column":38}},{"start":{"line":99,"column":42},"end":{"line":99,"column":48}}]},"20":{"line":102,"type":"if","locations":[{"start":{"line":102,"column":12},"end":{"line":102,"column":12}},{"start":{"line":102,"column":12},"end":{"line":102,"column":12}}]},"21":{"line":111,"type":"binary-expr","locations":[{"start":{"line":111,"column":30},"end":{"line":111,"column":38}},{"start":{"line":111,"column":42},"end":{"line":111,"column":48}}]},"22":{"line":114,"type":"if","locations":[{"start":{"line":114,"column":12},"end":{"line":114,"column":12}},{"start":{"line":114,"column":12},"end":{"line":114,"column":12}}]},"23":{"line":118,"type":"if","locations":[{"start":{"line":118,"column":12},"end":{"line":118,"column":12}},{"start":{"line":118,"column":12},"end":{"line":118,"column":12}}]},"24":{"line":119,"type":"if","locations":[{"start":{"line":119,"column":12},"end":{"line":119,"column":12}},{"start":{"line":119,"column":12},"end":{"line":119,"column":12}}]},"25":{"line":128,"type":"if","locations":[{"start":{"line":128,"column":12},"end":{"line":128,"column":12}},{"start":{"line":128,"column":12},"end":{"line":128,"column":12}}]},"26":{"line":129,"type":"if","locations":[{"start":{"line":129,"column":16},"end":{"line":129,"column":16}},{"start":{"line":129,"column":16},"end":{"line":129,"column":16}}]},"27":{"line":140,"type":"binary-expr","locations":[{"start":{"line":140,"column":30},"end":{"line":140,"column":38}},{"start":{"line":140,"column":42},"end":{"line":140,"column":48}}]},"28":{"line":143,"type":"if","locations":[{"start":{"line":143,"column":12},"end":{"line":143,"column":12}},{"start":{"line":143,"column":12},"end":{"line":143,"column":12}}]},"29":{"line":146,"type":"binary-expr","locations":[{"start":{"line":146,"column":21},"end":{"line":146,"column":28}},{"start":{"line":146,"column":32},"end":{"line":146,"column":33}}]},"30":{"line":148,"type":"if","locations":[{"start":{"line":148,"column":12},"end":{"line":148,"column":12}},{"start":{"line":148,"column":12},"end":{"line":148,"column":12}}]},"31":{"line":152,"type":"if","locations":[{"start":{"line":152,"column":16},"end":{"line":152,"column":16}},{"start":{"line":152,"column":16},"end":{"line":152,"column":16}}]},"32":{"line":157,"type":"if","locations":[{"start":{"line":157,"column":12},"end":{"line":157,"column":12}},{"start":{"line":157,"column":12},"end":{"line":157,"column":12}}]},"33":{"line":157,"type":"binary-expr","locations":[{"start":{"line":157,"column":16},"end":{"line":157,"column":33}},{"start":{"line":157,"column":38},"end":{"line":157,"column":48}},{"start":{"line":157,"column":52},"end":{"line":157,"column":62}}]},"34":{"line":162,"type":"if","locations":[{"start":{"line":162,"column":12},"end":{"line":162,"column":12}},{"start":{"line":162,"column":12},"end":{"line":162,"column":12}}]},"35":{"line":171,"type":"if","locations":[{"start":{"line":171,"column":8},"end":{"line":171,"column":8}},{"start":{"line":171,"column":8},"end":{"line":171,"column":8}}]},"36":{"line":188,"type":"if","locations":[{"start":{"line":188,"column":8},"end":{"line":188,"column":8}},{"start":{"line":188,"column":8},"end":{"line":188,"column":8}}]},"37":{"line":190,"type":"if","locations":[{"start":{"line":190,"column":8},"end":{"line":190,"column":8}},{"start":{"line":190,"column":8},"end":{"line":190,"column":8}}]},"38":{"line":205,"type":"if","locations":[{"start":{"line":205,"column":8},"end":{"line":205,"column":8}},{"start":{"line":205,"column":8},"end":{"line":205,"column":8}}]}},"code":["\"use strict\"","","// == Extend Node primitives to use iconv-lite =================================","","module.exports = function (iconv) {","    var original = undefined; // Place to keep original methods.","","    // Node authors rewrote Buffer internals to make it compatible with","    // Uint8Array and we cannot patch key functions since then.","    iconv.supportsNodeEncodingsExtension = !(new Buffer(0) instanceof Uint8Array);","","    iconv.extendNodeEncodings = function extendNodeEncodings() {","        if (original) return;","        original = {};","","        if (!iconv.supportsNodeEncodingsExtension) {","            console.error(\"ACTION NEEDED: require('iconv-lite').extendNodeEncodings() is not supported in your version of Node\");","            console.error(\"See more info at https://github.com/ashtuchkin/iconv-lite/wiki/Node-v4-compatibility\");","            return;","        }","","        var nodeNativeEncodings = {","            'hex': true, 'utf8': true, 'utf-8': true, 'ascii': true, 'binary': true, ","            'base64': true, 'ucs2': true, 'ucs-2': true, 'utf16le': true, 'utf-16le': true,","        };","","        Buffer.isNativeEncoding = function(enc) {","            return enc && nodeNativeEncodings[enc.toLowerCase()];","        }","","        // -- SlowBuffer -----------------------------------------------------------","        var SlowBuffer = require('buffer').SlowBuffer;","","        original.SlowBufferToString = SlowBuffer.prototype.toString;","        SlowBuffer.prototype.toString = function(encoding, start, end) {","            encoding = String(encoding || 'utf8').toLowerCase();","","            // Use native conversion when possible","            if (Buffer.isNativeEncoding(encoding))","                return original.SlowBufferToString.call(this, encoding, start, end);","","            // Otherwise, use our decoding method.","            if (typeof start == 'undefined') start = 0;","            if (typeof end == 'undefined') end = this.length;","            return iconv.decode(this.slice(start, end), encoding);","        }","","        original.SlowBufferWrite = SlowBuffer.prototype.write;","        SlowBuffer.prototype.write = function(string, offset, length, encoding) {","            // Support both (string, offset, length, encoding)","            // and the legacy (string, encoding, offset, length)","            if (isFinite(offset)) {","                if (!isFinite(length)) {","                    encoding = length;","                    length = undefined;","                }","            } else {  // legacy","                var swap = encoding;","                encoding = offset;","                offset = length;","                length = swap;","            }","","            offset = +offset || 0;","            var remaining = this.length - offset;","            if (!length) {","                length = remaining;","            } else {","                length = +length;","                if (length > remaining) {","                    length = remaining;","                }","            }","            encoding = String(encoding || 'utf8').toLowerCase();","","            // Use native conversion when possible","            if (Buffer.isNativeEncoding(encoding))","                return original.SlowBufferWrite.call(this, string, offset, length, encoding);","","            if (string.length > 0 && (length < 0 || offset < 0))","                throw new RangeError('attempt to write beyond buffer bounds');","","            // Otherwise, use our encoding method.","            var buf = iconv.encode(string, encoding);","            if (buf.length < length) length = buf.length;","            buf.copy(this, offset, 0, length);","            return length;","        }","","        // -- Buffer ---------------------------------------------------------------","","        original.BufferIsEncoding = Buffer.isEncoding;","        Buffer.isEncoding = function(encoding) {","            return Buffer.isNativeEncoding(encoding) || iconv.encodingExists(encoding);","        }","","        original.BufferByteLength = Buffer.byteLength;","        Buffer.byteLength = SlowBuffer.byteLength = function(str, encoding) {","            encoding = String(encoding || 'utf8').toLowerCase();","","            // Use native conversion when possible","            if (Buffer.isNativeEncoding(encoding))","                return original.BufferByteLength.call(this, str, encoding);","","            // Slow, I know, but we don't have a better way yet.","            return iconv.encode(str, encoding).length;","        }","","        original.BufferToString = Buffer.prototype.toString;","        Buffer.prototype.toString = function(encoding, start, end) {","            encoding = String(encoding || 'utf8').toLowerCase();","","            // Use native conversion when possible","            if (Buffer.isNativeEncoding(encoding))","                return original.BufferToString.call(this, encoding, start, end);","","            // Otherwise, use our decoding method.","            if (typeof start == 'undefined') start = 0;","            if (typeof end == 'undefined') end = this.length;","            return iconv.decode(this.slice(start, end), encoding);","        }","","        original.BufferWrite = Buffer.prototype.write;","        Buffer.prototype.write = function(string, offset, length, encoding) {","            var _offset = offset, _length = length, _encoding = encoding;","            // Support both (string, offset, length, encoding)","            // and the legacy (string, encoding, offset, length)","            if (isFinite(offset)) {","                if (!isFinite(length)) {","                    encoding = length;","                    length = undefined;","                }","            } else {  // legacy","                var swap = encoding;","                encoding = offset;","                offset = length;","                length = swap;","            }","","            encoding = String(encoding || 'utf8').toLowerCase();","","            // Use native conversion when possible","            if (Buffer.isNativeEncoding(encoding))","                return original.BufferWrite.call(this, string, _offset, _length, _encoding);","","            offset = +offset || 0;","            var remaining = this.length - offset;","            if (!length) {","                length = remaining;","            } else {","                length = +length;","                if (length > remaining) {","                    length = remaining;","                }","            }","","            if (string.length > 0 && (length < 0 || offset < 0))","                throw new RangeError('attempt to write beyond buffer bounds');","","            // Otherwise, use our encoding method.","            var buf = iconv.encode(string, encoding);","            if (buf.length < length) length = buf.length;","            buf.copy(this, offset, 0, length);","            return length;","","            // TODO: Set _charsWritten.","        }","","","        // -- Readable -------------------------------------------------------------","        if (iconv.supportsStreams) {","            var Readable = require('stream').Readable;","","            original.ReadableSetEncoding = Readable.prototype.setEncoding;","            Readable.prototype.setEncoding = function setEncoding(enc, options) {","                // Use our own decoder, it has the same interface.","                // We cannot use original function as it doesn't handle BOM-s.","                this._readableState.decoder = iconv.getDecoder(enc, options);","                this._readableState.encoding = enc;","            }","","            Readable.prototype.collect = iconv._collect;","        }","    }","","    // Remove iconv-lite Node primitive extensions.","    iconv.undoExtendNodeEncodings = function undoExtendNodeEncodings() {","        if (!iconv.supportsNodeEncodingsExtension)","            return;","        if (!original)","            throw new Error(\"require('iconv-lite').undoExtendNodeEncodings(): Nothing to undo; extendNodeEncodings() is not called.\")","","        delete Buffer.isNativeEncoding;","","        var SlowBuffer = require('buffer').SlowBuffer;","","        SlowBuffer.prototype.toString = original.SlowBufferToString;","        SlowBuffer.prototype.write = original.SlowBufferWrite;","","        Buffer.isEncoding = original.BufferIsEncoding;","        Buffer.byteLength = original.BufferByteLength;","        Buffer.prototype.toString = original.BufferToString;","        Buffer.prototype.write = original.BufferWrite;","","        if (iconv.supportsStreams) {","            var Readable = require('stream').Readable;","","            Readable.prototype.setEncoding = original.ReadableSetEncoding;","            delete Readable.prototype.collect;","        }","","        original = undefined;","    }","}",""],"l":{"5":1,"6":1,"10":1,"12":1,"13":0,"14":0,"16":0,"17":0,"18":0,"19":0,"22":0,"27":0,"28":0,"32":0,"34":0,"35":0,"36":0,"39":0,"40":0,"43":0,"44":0,"45":0,"48":0,"49":0,"52":0,"53":0,"54":0,"55":0,"58":0,"59":0,"60":0,"61":0,"64":0,"65":0,"66":0,"67":0,"69":0,"70":0,"71":0,"74":0,"77":0,"78":0,"80":0,"81":0,"84":0,"85":0,"86":0,"87":0,"92":0,"93":0,"94":0,"97":0,"98":0,"99":0,"102":0,"103":0,"106":0,"109":0,"110":0,"111":0,"114":0,"115":0,"118":0,"119":0,"120":0,"123":0,"124":0,"125":0,"128":0,"129":0,"130":0,"131":0,"134":0,"135":0,"136":0,"137":0,"140":0,"143":0,"144":0,"146":0,"147":0,"148":0,"149":0,"151":0,"152":0,"153":0,"157":0,"158":0,"161":0,"162":0,"163":0,"164":0,"171":0,"172":0,"174":0,"175":0,"178":0,"179":0,"182":0,"187":1,"188":0,"189":0,"190":0,"191":0,"193":0,"195":0,"197":0,"198":0,"200":0,"201":0,"202":0,"203":0,"205":0,"206":0,"208":0,"209":0,"212":0}}}